TRACK_TIME 1121238067
TRACK SWA1897 B733 373642.7104 1222238.4420 60 0.13 28 ZOA ZOA46
    FP_ROUTE KSFO./.RW01R.SSTIK3.LOSHN..BOILE..BLH.HYDRR1.I07R.RW07R.<{"id": "Rwy_03_009"}, {"id": "Txy_G7_001"}, {"id": "Txy_F_009"}, {"id": "Txy_F_010"}, {"id": "Txy_F_011"}, {"id": "Txy_F_012"}, {"id": "Txy_F_013"}, {"id": "Txy_F13_001"}, {"id": "Rwy_02_018"}, {"id": "Txy_E13_001"}, {"id": "Txy_E_022"}, {"id": "Txy_D13_001"}, {"id": "Ramp_10_005"}, {"id": "Ramp_10_006"} {"id": "Gate_04_C16"}>.KPHX

