SWA1897 370
ASA350  370
SWA1192 370
SWA2069 370
