ULI-DPHT3RUCKJ 330
