TRACK_TIME 1121238067

TRACK ULI-3533A88AE5 MD82 350300 1202300 465 320 315 ZLA ZLA25
    FP_ROUTE KLAX./.LAX.MOD8.I28R.RW28R.<{"id": "Rwy_04_016"}, {"id": "Txy_S2_001"}, {"id": "Txy_S_001"}, {"id": "Txy_S_R"}, {"id": "Txy_Z_R"}, {"id": "Txy_Z_S1"}, {"id": "Txy_Z_B1"}, {"id": "Txy_Z_Q"}, {"id": "Txy_B_003"}, {"id": "Txy_Q1_001"}, {"id": "Txy_A_014"}, {"id": "Txy_A_K"}, {"id": "Txy_A_013"}, {"id": "Txy_A_012"}, {"id": "Txy_A_011"}, {"id": "Txy_A_D"}, {"id": "Txy_A_010"}, {"id": "Txy_A_E"}, {"id": "Txy_A_009"}, {"id": "Txy_A_F1"}, {"id": "Txy_A_008"}, {"id": "Txy_A_G"}, {"id": "Txy_A_007"}, {"id": "Txy_A_006"}, {"id": "Txy_A_005"}, {"id": "Txy_A_H"}, {"id": "Txy_A_004"}, {"id": "Txy_H_006"}, {"id": "Txy_H_005"}, {"id": "Txy_H_004"}, {"id": "Txy_H_003"}, {"id": "Txy_H_002"}, {"id": "Txy_H_001"}, {"id": "Txy_M_H"}, {"id": "Ramp_01_007"}, {"id": "Ramp_01_006"}, {"id": "Ramp_01_005"}, {"id": "Ramp_01_004"}, {"id": "Ramp_01_003"}, {"id": "Ramp_01_002"}, {"id": "Ramp_01_001"}, {"id": "Gate_A_006"}>.KSFO

