TRACK_TIME 1121240317
TRACK SWA1897 B733 373628.6 1222248.0 0 0.13 280 ZOA ZOA46
    FP_ROUTE KSFO./.RW01R.SSTIK4.LOSHN..BOILE..BLH.HYDRR1.I07R.RW07R.<>.KPHX

TRACK_TIME 1121240967
TRACK ASA350 B737 472749.1832 1221839.2868 0 21.8 259 ZLA ZLA30
    FP_ROUTE KSEA./.RW16C.SUMMA1.SUMMA.J54.BKE..TCH.J15.CURLY.J15.JCT..SAT.TEJAS4.I08L.RW08L.<>.KIAH

TRACK_TIME 1121241897
TRACK SWA1192 B737 335614.4204 1182258.3536 0 1.28 251 ZLA ZLA00
    FP_ROUTE KLAX./.RW25L.LADYJ4.COREZ..RGOOD.EMZOH3.I28R.RW28R.<>.KOAK

TRACK_TIME 1121244627
TRACK SWA2069 B733 324352.968 1171050.3364 0 0.17 280 ZOA ZOA46
    FP_ROUTE KSAN./.RW27.ZZOOO2.MTBAL..AVRRY..EED.J236.TBC..OURAY.LDORA2.I07.RW07.<>.KDEN

