ULI-3533A88AE5 330
