ULI-3AFSD3DC24 330
ULI-3E6A0495F1 109
ULI-FEA47106EB 330
ULI-3AFAB4BC27 330
ULI-707397319B 330
ULI-1F32553603 387
ULI-3533A88AE5 320
ULI-BC2EE76E60 370
ULI-BB6249E781 380
ULI-8B03E1A861 330
