SWA1897 330
SWA1898 330
SWA1899 330