ULI-3AFSD3DC24 330
ULI-3E6A0495F1 109
ULI-FEA47106EB 330
ULI-3AFAB4BC27 330
ULI-707397319B 330
ULI-1F32553603 387
ULI-3533A88AE5 320
ULI-BC2EE76E60 370
ULI-BB6249E781 380
ULI-8B03E1A861 330
ULI-FDEAB8A1E2 340
ULI-728FD12A69 370
ULI-318D6B576B 370
ULI-197E8BE428 380
ULI-4606CE85AA 370
ULI-942CCE5052 367
ULI-BEFCCFD52F 330
ULI-CD56FD0D20 390
ULI-BCA19120E5 370
ULI-B559E40231 360
ULI-61DEF4C8F1 380
ULI-5E8E452DE2 350
ULI-ABECA42EED 390
ULI-F1EF442248 370
ULI-51CD092A80 370
ULI-0DC4BD1363 370
ULI-2FC6380C89 370
ULI-931FA81AB2 330
ULI-ECF2C0EA0B 370
ULI-0A375EA3D3 330
ULI-E03FF15397 430
ULI-3D9CB227FE 370
ULI-746E5CC9BB 390
ULI-2E8104CF1B 370
ULI-CFB1A98DCF 370
ULI-B91B80F509 350
ULI-DF9C1E717E 370
ULI-47E290BAD5 390
ULI-BA27F9309C 350
ULI-1A123FF78D 370
ULI-93CA1378ED 330
ULI-B138F12352 370
ULI-7340D146AE 320
ULI-DE00E78127 390
ULI-2AA79476DB 370
ULI-9E7EE3CD9A 350
ULI-C39DB775A6 350
ULI-64D2C78F72 340
ULI-456A8CC8FB 370
ULI-FA3B0A0096 370
ULI-48A140F0A1 350
ULI-6479BD9915 370
ULI-02CFDEC304 370
ULI-1FBF81D748 370
ULI-85337D37A0 390
ULI-2D840B4347 390
ULI-8853A7F45B 370
ULI-56861D473E 370
ULI-278BD2DDD0 360
ULI-DCD402C848 340
ULI-7D9351650A 390
ULI-C1DDC1EC48 396
ULI-75B137C3C9 390
ULI-D1C05BC221 370
ULI-84028E8EDF 270
ULI-3E4CAC6F6F 370
ULI-52F8E5E1E3 350
ULI-46EC8FC5B5 370
ULI-392E992D8F 370
ULI-2BABC3DE06 370
ULI-B9DD41A553 390
ULI-D776F797C7 370
ULI-F629D05301 330
ULI-45F6CE7AE7 360
ULI-60065F5E7E 350
ULI-273AD97358 330
ULI-9F435DF94B 350
ULI-B0D76869F4 390
ULI-71B18BDDFD 320
ULI-518B264154 356
ULI-3B181E0060 280
ULI-848EE97E0D 360
ULI-12DAE36B63 390
ULI-567CEB84C0 360
ULI-AA2B641751 330
ULI-EF65E08313 370
ULI-0B8398D025 350
ULI-F5F6595092 350
ULI-20B566EF16 370
ULI-MKWKL88SSC 310
ULI-16B47903C4 280
ULI-ZDRCI4DCYQ 340
ULI-FCSLQJK6RH 300
ULI-JH8ARX72RO 370
ULI-AYSK6AGIVD 320
ULI-QX9DSPRNA0 350
ULI-VUTWY1GDEG 380
ULI-WNWRL41N6I 320
ULI-GEPSVWR9HV 300
ULI-APJUODPMBJ 370
