TRACK_TIME 1121238067
TRACK ULI-3AFSD3DC24 B733 373716.9212 1222324.2088 0 0.13 28 ZOA ZOA46
    FP_ROUTE KSFO.<{"id": "Gate_F_086"}, {"id": "Ramp_06_011"}, {"id": "Txy_A_B1"}, {"id": "Txy_A_016"}, {"id": "Txy_A_015"}, {"id": "Txy_A_012"}, {"id": "Txy_A_011"}, {"id": "Txy_A_D"}, {"id": "Txy_A_010"}, {"id": "Txy_A_E"}, {"id": "Txy_A_009"}, {"id": "Txy_A_F1"}, {"id": "Txy_A_008"}, {"id": "Txy_A_G"}, {"id": "Txy_A_007"}, {"id": "Txy_A_006"}, {"id": "Txy_A_005"}, {"id": "Txy_A_H"}, {"id": "Txy_A_004"}, {"id": "Txy_A_M"}, {"id": "Txy_A_003"}, {"id": "Txy_A_002"}, {"id": "Txy_A_A1"}, {"id": "Txy_A_001"}, {"id": "Rwy_02_001"}, {"id": "Rwy_02_002"}>.RW01R.SSTIK3.LOSHN..BOILE..BLH.HYDRR1.I07R.RW07R.<{"id": "Rwy_03_009"}, {"id": "Txy_G7_001"}, {"id": "Txy_F_009"}, {"id": "Txy_F_010"}, {"id": "Txy_F_011"}, {"id": "Txy_F_012"}, {"id": "Txy_F_013"}, {"id": "Txy_F13_001"}, {"id": "Rwy_02_018"}, {"id": "Txy_E13_001"}, {"id": "Txy_E_022"}, {"id": "Txy_D13_001"}, {"id": "Ramp_10_005"}, {"id": "Ramp_10_006"} {"id": "Gate_04_C16"}>.KPHX

TRACK ULI-3E6A0495F1 ALOR3 414500 875700 292 109 228 ZAU ZAUOR
    FP_ROUTE KORD./.JOT053019..BNA.CHPPR1.I08L.RW08L.<{"id": "Rwy_01_012"}, {"id": "Txy_B15_001"}, {"id": "Txy_B_015"}, {"id": "Txy_B_013"}, {"id": "Txy_B_012"}, {"id": "Txy_B_011"}, {"id": "Txy_B_010"}, {"id": "Txy_B_009"}, {"id": "Txy_D_B"}, {"id": "Txy_B_C"}, {"id": "Txy_B_008"}, {"id": "Txy_B_007"}, {"id": "Txy_B4_001"}, {"id": "Rwy_02_004"}, {"id": "Txy_E3_001"}, {"id": "Txy_E_104"}, {"id": "Txy_E_004"}, {"id": "Txy_E_003"}, {"id": "Txy_F_003"}, {"id": "Txy_F_002"}, {"id": "Txy_F_001"}, {"id": "Txy_1N_001"}, {"id": "Ramp_02_001"}, {"id": "Ramp_02_002"}, {"id": "Ramp_02_003"}, {"id": "Ramp_02_004"}, {"id": "Ramp_02_005"}, {"id": "Ramp_02_006"}, {"id": "Ramp_02_007"}, {"id": "Ramp_02_008"}, {"id": "Ramp_02_009"}, {"id": "Ramp_02_010"}, {"id": "Ramp_02_011"}, {"id": "Ramp_02_012"}, {"id": "Ramp_02_013"}, {"id": "Ramp_02_014"}, {"id": "Ramp_01_001"}, {"id": "Gate_T_001"}>.KATL

TRACK ULI-FEA47106EB B763 395900 760100 454 330 236 ZNY ZNY09
    FP_ROUTE KLGA./.LGA.OZZZI1.I08L.RW08L.<{"id": "Rwy_01_012"}, {"id": "Txy_B15_001"}, {"id": "Txy_B_015"}, {"id": "Txy_B_013"}, {"id": "Txy_B_012"}, {"id": "Txy_B_011"}, {"id": "Txy_B_010"}, {"id": "Txy_B_009"}, {"id": "Txy_D_B"}, {"id": "Txy_B_C"}, {"id": "Txy_B_008"}, {"id": "Txy_B_007"}, {"id": "Txy_B4_001"}, {"id": "Rwy_02_004"}, {"id": "Txy_E3_001"}, {"id": "Txy_E_104"}, {"id": "Txy_E_004"}, {"id": "Txy_E_003"}, {"id": "Txy_F_003"}, {"id": "Txy_F_002"}, {"id": "Txy_F_001"}, {"id": "Txy_1N_001"}, {"id": "Ramp_02_001"}, {"id": "Ramp_02_002"}, {"id": "Ramp_02_003"}, {"id": "Ramp_02_004"}, {"id": "Ramp_02_005"}, {"id": "Ramp_02_006"}, {"id": "Ramp_02_007"}, {"id": "Ramp_02_008"}, {"id": "Ramp_02_009"}, {"id": "Ramp_02_010"}, {"id": "Ramp_02_011"}, {"id": "Ramp_02_012"}, {"id": "Ramp_02_013"}, {"id": "Ramp_02_014"}, {"id": "Ramp_01_001"}, {"id": "Gate_T_001"}>.KATL

TRACK ULI-3AFAB4BC27 ALOR1 295600 941200 394 229 85 ZHU NONE
    FP_ROUTE KIAH./.LCH251063..GCV.ONDRE1.I08L.RW08L.<{"id": "Rwy_01_012"}, {"id": "Txy_B15_001"}, {"id": "Txy_B_015"}, {"id": "Txy_B_013"}, {"id": "Txy_B_012"}, {"id": "Txy_B_011"}, {"id": "Txy_B_010"}, {"id": "Txy_B_009"}, {"id": "Txy_D_B"}, {"id": "Txy_B_C"}, {"id": "Txy_B_008"}, {"id": "Txy_B_007"}, {"id": "Txy_B4_001"}, {"id": "Rwy_02_004"}, {"id": "Txy_E3_001"}, {"id": "Txy_E_104"}, {"id": "Txy_E_004"}, {"id": "Txy_E_003"}, {"id": "Txy_F_003"}, {"id": "Txy_F_002"}, {"id": "Txy_F_001"}, {"id": "Txy_1N_001"}, {"id": "Ramp_02_001"}, {"id": "Ramp_02_002"}, {"id": "Ramp_02_003"}, {"id": "Ramp_02_004"}, {"id": "Ramp_02_005"}, {"id": "Ramp_02_006"}, {"id": "Ramp_02_007"}, {"id": "Ramp_02_008"}, {"id": "Ramp_02_009"}, {"id": "Ramp_02_010"}, {"id": "Ramp_02_011"}, {"id": "Ramp_02_012"}, {"id": "Ramp_02_013"}, {"id": "Ramp_02_014"}, {"id": "Ramp_01_001"}, {"id": "Gate_T_001"}>.KATL

TRACK ULI-707397319B MD80 350340.3704 895810.6464 0 3.41 96 ZME ZME31
    FP_ROUTE KMEM.<{"id": "Parking_Cargo_029"}, {"id": "Ramp_03_020"}, {"id": "Ramp_03_019"}, {"id": "Ramp_03_018"}, {"id": "Ramp_03_017"}, {"id": "Ramp_03_016"}, {"id": "Ramp_03_015"}, {"id": "Ramp_03_014"}, {"id": "Ramp_03_013"}, {"id": "Ramp_03_011"}, {"id": "Ramp_03_010"}, {"id": "Ramp_03_009"}, {"id": "Txy_S_003"}, {"id": "Txy_S_004"}, {"id": "Txy_V_S"}, {"id": "Txy_S_005"}, {"id": "Rwy_04_004"}, {"id": "Txy_S_006"}, {"id": "Txy_A_S"}, {"id": "Txy_S_007"}, {"id": "Txy_S_008"}, {"id": "Txy_B_S"}, {"id": "Txy_S_009"}, {"id": "Txy_S_010"}, {"id": "Txy_S_S7"}, {"id": "Txy_S_011"}, {"id": "Txy_S_012"}, {"id": "Txy_S_D"}, {"id": "Txy_S_013"}, {"id": "Txy_S_S6"}, {"id": "Txy_S_K"}, {"id": "Txy_S_S3"}, {"id": "Txy_S_014"}, {"id": "Txy_S_P"}, {"id": "Txy_S_015"}, {"id": "Txy_E_S"}, {"id": "Txy_S_S1"}, {"id": "Txy_H_S"}, {"id": "Txy_S_016"}, {"id": "Txy_R_S"}, {"id": "Txy_R_003"}, {"id": "Rwy_02_015"}>.RW36C.OLEMS4.MEM.CHPPR1.I08L.RW08L.<{"id": "Rwy_01_012"}, {"id": "Txy_B15_001"}, {"id": "Txy_B_015"}, {"id": "Txy_B_013"}, {"id": "Txy_B_012"}, {"id": "Txy_B_011"}, {"id": "Txy_B_010"}, {"id": "Txy_B_009"}, {"id": "Txy_D_B"}, {"id": "Txy_B_C"}, {"id": "Txy_B_008"}, {"id": "Txy_B_007"}, {"id": "Txy_B4_001"}, {"id": "Rwy_02_004"}, {"id": "Txy_E3_001"}, {"id": "Txy_E_104"}, {"id": "Txy_E_004"}, {"id": "Txy_E_003"}, {"id": "Txy_F_003"}, {"id": "Txy_F_002"}, {"id": "Txy_F_001"}, {"id": "Txy_1N_001"}, {"id": "Ramp_02_001"}, {"id": "Ramp_02_002"}, {"id": "Ramp_02_003"}, {"id": "Ramp_02_004"}, {"id": "Ramp_02_005"}, {"id": "Ramp_02_006"}, {"id": "Ramp_02_007"}, {"id": "Ramp_02_008"}, {"id": "Ramp_02_009"}, {"id": "Ramp_02_010"}, {"id": "Ramp_02_011"}, {"id": "Ramp_02_012"}, {"id": "Ramp_02_013"}, {"id": "Ramp_02_014"}, {"id": "Ramp_01_001"}, {"id": "Gate_T_001"}>.KATL

TRACK ULI-1F32553603 B752 381025 1211544 484 350 0 ZOA ZOA33
    FP_ROUTE KSFO./.SAC131031..LVZ.IGN1.I04R.RW04R.<{"id": "Rwy_04_009"}, {"id": "Txy_E_002"}, {"id": "Txy_Y_E"}, {"id": "Txy_FB_Y"}, {"id": "Txy_FB_004"}, {"id": "Rwy_03_12"}, {"id": "Txy_ZA_006"}, {"id": "Txy_ZA_005"}, {"id": "Txy_C_ZA"}, {"id": "Txy_E_C"}, {"id": "Rwy_02_012"}, {"id": "Txy_E_008"}, {"id": "Txy_B_E"}, {"id": "Txy_A_E"}, {"id": "Txy_A_DA"}, {"id": "Txy_DA_001"}, {"id": "Ramp_06_014"}, {"id": "Ramp_06_013"}, {"id": "Ramp_06_012"}, {"id": "Ramp_06_011"}, {"id": "Ramp_06_008"}, {"id": "Ramp_06_009"}, {"id": "Gate_06_15"}>.KJFK

TRACK ULI-3533A88AE5 MD82 350300 1202300 465 320 315 ZLA ZLA25
    FP_ROUTE KLAX./.LAX.MOD8.I28R.RW28R.<{"id": "Rwy_04_016"}, {"id": "Txy_S2_001"}, {"id": "Txy_S_001"}, {"id": "Txy_S_R"}, {"id": "Txy_Z_R"}, {"id": "Txy_Z_S1"}, {"id": "Txy_Z_B1"}, {"id": "Txy_Z_Q"}, {"id": "Txy_B_003"}, {"id": "Txy_Q1_001"}, {"id": "Txy_A_014"}, {"id": "Txy_A_K"}, {"id": "Txy_A_013"}, {"id": "Txy_A_012"}, {"id": "Txy_A_011"}, {"id": "Txy_A_D"}, {"id": "Txy_A_010"}, {"id": "Txy_A_E"}, {"id": "Txy_A_009"}, {"id": "Txy_A_F1"}, {"id": "Txy_A_008"}, {"id": "Txy_A_G"}, {"id": "Txy_A_007"}, {"id": "Txy_A_006"}, {"id": "Txy_A_005"}, {"id": "Txy_A_H"}, {"id": "Txy_A_004"}, {"id": "Txy_H_006"}, {"id": "Txy_H_005"}, {"id": "Txy_H_004"}, {"id": "Txy_H_003"}, {"id": "Txy_H_002"}, {"id": "Txy_H_001"}, {"id": "Txy_M_H"}, {"id": "Ramp_01_007"}, {"id": "Ramp_01_006"}, {"id": "Ramp_01_005"}, {"id": "Ramp_01_004"}, {"id": "Ramp_01_003"}, {"id": "Ramp_01_002"}, {"id": "Ramp_01_001"}, {"id": "Gate_A_006"}>.KSFO

TRACK ULI-BC2EE76E60 E45X 295916.5804 952103.3372 377 0 334 ZHU ZHU86
    FP_ROUTE KIAH.<{"id": "Gate_A_002"}, {"id": "Ramp_01_010"}, {"id": "Ramp_01_006"}, {"id": "Ramp_01_002"}, {"id": "Ramp_01_001"}, {"id": "Txy_WD_NR"}, {"id": "Txy_WW_NR"}, {"id": "Txy_WW_NE"}, {"id": "Txy_WB_WW"}, {"id": "Txy_WA_WW"}, {"id": "Txy_WW_004"}, {"id": "Rwy_03_001"}>.RW15L.PITZZ4.CQY..BYP..TUL.KASPR6.I12L.RW12L.<{"id": "Rwy_03_014"}, {"id": "Rwy_03_015"}, {"id": "Txy_P1_001"}, {"id": "Txy_P1_P"}, {"id": "Ramp_Deice_016"}, {"id": "Parking_Deice_022"}, {"id": "Ramp_Deice_020"}, {"id": "Ramp_Deice_021"}, {"id": "Ramp_Deice_022"}, {"id": "Gate_A_011"}>.KMSP

TRACK ULI-BB6249E781 A319 384900 800900 456 380 266 ZDC ZDC03
    FP_ROUTE KIAD./.IAD.BSR3.I28R.RW28R.<{"id": "Rwy_04_016"}, {"id": "Txy_S2_001"}, {"id": "Txy_S_001"}, {"id": "Txy_S_R"}, {"id": "Txy_Z_R"}, {"id": "Txy_Z_S1"}, {"id": "Txy_Z_B1"}, {"id": "Txy_Z_Q"}, {"id": "Txy_B_003"}, {"id": "Txy_Q1_001"}, {"id": "Txy_A_014"}, {"id": "Txy_A_K"}, {"id": "Txy_A_013"}, {"id": "Txy_A_012"}, {"id": "Txy_A_011"}, {"id": "Txy_A_D"}, {"id": "Txy_A_010"}, {"id": "Txy_A_E"}, {"id": "Txy_A_009"}, {"id": "Txy_A_F1"}, {"id": "Txy_A_008"}, {"id": "Txy_A_G"}, {"id": "Txy_A_007"}, {"id": "Txy_A_006"}, {"id": "Txy_A_005"}, {"id": "Txy_A_H"}, {"id": "Txy_A_004"}, {"id": "Txy_H_006"}, {"id": "Txy_H_005"}, {"id": "Txy_H_004"}, {"id": "Txy_H_003"}, {"id": "Txy_H_002"}, {"id": "Txy_H_001"}, {"id": "Txy_M_H"}, {"id": "Ramp_01_007"}, {"id": "Ramp_01_006"}, {"id": "Ramp_01_005"}, {"id": "Ramp_01_004"}, {"id": "Ramp_01_003"}, {"id": "Ramp_01_002"}, {"id": "Ramp_01_001"}, {"id": "Gate_A_006"}>.KSFO

TRACK ULI-8B03E1A861 B733 381300 1103400 424 330 38 ZLC ZLC46
    FP_ROUTE KLAS./.BLD050037..RWF.SKETR5.I12L.RW12L.<{"id": "Rwy_03_014"}, {"id": "Rwy_03_015"}, {"id": "Txy_P1_001"}, {"id": "Txy_P1_P"}, {"id": "Ramp_Deice_016"}, {"id": "Parking_Deice_022"}, {"id": "Ramp_Deice_020"}, {"id": "Ramp_Deice_021"}, {"id": "Ramp_Deice_022"}, {"id": "Gate_A_011"}>.KMSP

TRACK ULI-FDEAB8A1E2 ALOR1 414800 901600 461 305 266 ZAU ZAU92
    FP_ROUTE KORD./.LBF.WAHUU2.I16L.RW16L.<{"id": "Rwy_02_011"}, {"id": "Txy_F1_001"}, {"id": "Txy_F_F1"}, {"id": "Txy_G_F1"}, {"id": "Txy_F1_002"}, {"id": "Txy_H_F1"}, {"id": "Txy_H_CS"}, {"id": "Ramp_02_019"}, {"id": "Ramp_02_018"}, {"id": "Ramp_02_017"}, {"id": "Ramp_02_016"}, {"id": "Ramp_02_015"}, {"id": "Gate_C_015"}>.KDEN

TRACK ULI-728FD12A69 ALOR1 365821 1031638 470 370 0 ZAB ZAB71
    FP_ROUTE KPHX./.KENTO334019..SLT.PENNS2.I04L.RW04L.<{"id": "Rwy_02_005"}, {"id": "Txy_M_004"}, {"id": "Txy_M_003"}, {"id": "Txy_R_M"}, {"id": "Txy_S_M"}, {"id": "Txy_S_K"}, {"id": "Txy_S_J"}, {"id": "Txy_S_B"}, {"id": "Txy_A_010"}, {"id": "Txy_A_110"}, {"id": "Txy_A_011"}, {"id": "Txy_A_G"}, {"id": "Txy_A_114"}, {"id": "Txy_A_015"}, {"id": "Txy_A_E"}, {"id": "Txy_DK_001"}, {"id": "Ramp_02_007"}, {"id": "Ramp_02_006"}, {"id": "Ramp_02_005"}, {"id": "Ramp_01_018"}, {"id": "Parking_08_002"}>.KEWR

TRACK ULI-318D6B576B A320 354332 1154049 451 350 74 ZLA ZLA32
    FP_ROUTE KLAX./.SKEBR..APE..MGW.DOCCS2.I19L.RW19L.<{"id": "Rwy_02_010"}, {"id": "Txy_K9_001"}, {"id": "Txy_K_K9"}, {"id": "Txy_K_K8"}, {"id": "Txy_J_K8"}, {"id": "Txy_J_J5"}, {"id": "Txy_J_G"}, {"id": "Txy_J_F"}, {"id": "Txy_J_E"}, {"id": "Txy_J_D"}, {"id": "Txy_D_022"}, {"id": "Txy_D_021"}, {"id": "Txy_D_020"}, {"id": "Txy_D_019"}, {"id": "Txy_D_018"}, {"id": "Txy_D_017"}, {"id": "Txy_D_016"}, {"id": "Txy_D_015"}, {"id": "Txy_D_014"}, {"id": "Txy_D_013"}, {"id": "Txy_D_012"}, {"id": "Txy_D_011"}, {"id": "Txy_D_010"}, {"id": "Txy_D_009"}, {"id": "Ramp_04_003"}, {"id": "Gate_D_003"}>.KIAD

TRACK ULI-197E8BE428 B762 433427.7 1132640.2 433 380 292 ZLC ZLC41
    FP_ROUTE KATL./.BOI085115..DUFUR..BONVL.HHOOD4.I10L.RW10L.<{"id": "Rwy_03_006"}, {"id": "Txy_A_014"}, {"id": "Txy_A_013"}, {"id": "Txy_A_012"}, {"id": "Txy_A_011"}, {"id": "Txy_A_010"}, {"id": "Txy_A_009"}, {"id": "Txy_A_008"}, {"id": "Txy_A_007"}, {"id": "Txy_A_006"}, {"id": "Ramp_01_001"}, {"id": "Gate_E_007"}>.KPDX

TRACK ULI-4606CE85AA ALOR1 340100 1075800 435 350 78 ZAB ZAB68
    FP_ROUTE KPHX./.ABQ210085..IRW..FSM..ARG.FILPZ3.I18C.RW18C.<{"id": "Rwy_01_002"}, {"id": "Txy_E2_001"}, {"id": "Txy_E_003"}, {"id": "Txy_E_004"}, {"id": "Txy_E_006"}, {"id": "Txy_E_005"}, {"id": "Txy_E_005b"}, {"id": "Txy_E_007"}, {"id": "Txy_E_008"}, {"id": "Rwy_03_001"}, {"id": "Txy_E_009"}, {"id": "Txy_E_010"}, {"id": "Txy_F_003"}, {"id": "Txy_F_004"}, {"id": "Txy_F_005"}, {"id": "Txy_F_006"}, {"id": "HardStand_02"}, {"id": "Spot_03"}, {"id": "HardStand_01"}, {"id": "Spot_02"}, {"id": "Ramp_01_008"}, {"id": "Ramp_01_007"}, {"id": "Ramp_01_006"}, {"id": "Txy_E11_001"}, {"id": "Spot_01"}, {"id": "Ramp_01_004"}, {"id": "Ramp_01_003"}, {"id": "Ramp_01_005"}, {"id": "Ramp_01_002"}, {"id": "Ramp_01_001"}, {"id": "Gate_A_001"}>.KCLT

TRACK ULI-942CCE5052 A319 383424 1202543 455 340 82 ZLC ZLC03
    FP_ROUTE KSFO./.SAC084069..JST.BOJID2.I27L.RW27L.<{"id": "Rwy_01_001"}, {"id": "Txy_S_001"}, {"id": "Txy_S_102"}, {"id": "Txy_S_002"}, {"id": "Txy_S_003"}, {"id": "Txy_Z_009"}, {"id": "Txy_Z_010"}, {"id": "Txy_Z_011"}, {"id": "Txy_Z_012"}, {"id": "Txy_Z_013"}, {"id": "Txy_Z_014"}, {"id": "Parking_deice1_002"}, {"id": "Txy_Z_003"}, {"id": "Txy_Z_016"}, {"id": "Txy_Z_017"}, {"id": "Txy_K_001"}, {"id": "Txy_K_002"}, {"id": "Txy_K_003"}, {"id": "Txy_K_004"}, {"id": "spot_02S"}, {"id": "Ramp_13_001"}, {"id": "spot_02E"}, {"id": "Txy_J_004"}, {"id": "Ramp_01_001"}, {"id": "Ramp_01_002"}, {"id": "Ramp_01_003"}, {"id": "Ramp_01_004"}, {"id": "Ramp_01_005"}, {"id": "Gate_AW_018"}>.KPHL

TRACK ULI-BEFCCFD52F ALOR2 392300 870400 301 215 22 ZID ZID35
    FP_ROUTE KSJC./.TTH127012..ZARDA.CHERI3.I35L.RW35L.<{"id": "Rwy_01_018"}, {"id": "Txy_B_019"}, {"id": "Txy_B_018"}, {"id": "Txy_B_017"}, {"id": "Txy_B_G"}, {"id": "Rwy_03_002"}, {"id": "Rwy_03_003"}, {"id": "Txy_C_013"}, {"id": "Txy_C_G"}, {"id": "Txy_M_002"}, {"id": "Txy_M_003"}, {"id": "Ramp_01_003"}, {"id": "Ramp_01_002"}, {"id": "Ramp_01_001"}, {"id": "Gate_B_004"}>.KSDF

TRACK ULI-CD56FD0D20 B737 360300 1014400 444 390 93 ZAB ZAB98
    FP_ROUTE KLAS./.BLD124012..MEM.CHPPR1.I08L.RW08L.<{"id": "Rwy_01_012"}, {"id": "Txy_B15_001"}, {"id": "Txy_B_015"}, {"id": "Txy_B_013"}, {"id": "Txy_B_012"}, {"id": "Txy_B_011"}, {"id": "Txy_B_010"}, {"id": "Txy_B_009"}, {"id": "Txy_D_B"}, {"id": "Txy_B_C"}, {"id": "Txy_B_008"}, {"id": "Txy_B_007"}, {"id": "Txy_B4_001"}, {"id": "Rwy_02_004"}, {"id": "Txy_E3_001"}, {"id": "Txy_E_104"}, {"id": "Txy_E_004"}, {"id": "Txy_E_003"}, {"id": "Txy_F_003"}, {"id": "Txy_F_002"}, {"id": "Txy_F_001"}, {"id": "Txy_1N_001"}, {"id": "Ramp_02_001"}, {"id": "Ramp_02_002"}, {"id": "Ramp_02_003"}, {"id": "Ramp_02_004"}, {"id": "Ramp_02_005"}, {"id": "Ramp_02_006"}, {"id": "Ramp_02_007"}, {"id": "Ramp_02_008"}, {"id": "Ramp_02_009"}, {"id": "Ramp_02_010"}, {"id": "Ramp_02_011"}, {"id": "Ramp_02_012"}, {"id": "Ramp_02_013"}, {"id": "Ramp_02_014"}, {"id": "Ramp_01_001"}, {"id": "Gate_T_001"}>.KATL

TRACK ULI-BCA19120E5 ALOR1 423752.6 1121021 471 350 75 ZLC ZLC08
    FP_ROUTE KSFO./.PIH102061..SVM..BUF.GDM4.I27.RW27.<{"id": "rwy_04_001"}, {"id": "txy_M_004"}, {"id": "txy_M_K"}, {"id": "txy_K_001"}, {"id": "txy_B_K"}, {"id": "txy_K_002"}, {"id": "txy_K_002b"}, {"id": "ramp_C_004"}, {"id": "ramp_C_003"}, {"id": "ramp_C_002"}, {"id": "txy_K_003"}, {"id": "ramp_C_001"}, {"id": "ramp_C_005"}, {"id": "ramp_C_006"}, {"id": "spot_01_08"}, {"id": "ramp_02_006"}, {"id": "ramp_02_005"}, {"id": "spot_01_07"}, {"id": "ramp_02_004"}, {"id": "ramp_02_003"}, {"id": "spot_01_06"}, {"id": "ramp_02_002"}, {"id": "ramp_02_001"}, {"id": "txy_K_006"}, {"id": "ramp_01_004"}, {"id": "spot_01_05"}, {"id": "ramp_01_003"}, {"id": "ramp_01_002"}, {"id": "ramp_01_001"}, {"id": "gate_A_001"}>.KBOS

TRACK ULI-B559E40231 B752 331203.1 1145131.9 484 350 99 ZAB ZAB78
    FP_ROUTE KLAX./.BXK241048..LEV.BLOND4.I19L.RW19L.<{"id": "Rwy_02_014"}, {"id": "Txy_P_001"}, {"id": "Txy_P_002"}, {"id": "Txy_Q_C"}, {"id": "Txy_C_R"}, {"id": "Txy_C_S"}, {"id": "Txy_C_005"}, {"id": "Rwy_03_009"}, {"id": "Txy_C_004"}, {"id": "Txy_N_C"}, {"id": "Txy_L_N"}, {"id": "Txy_J_L"}, {"id": "Txy_J_004"}, {"id": "Txy_J_Y1"}, {"id": "Txy_Y1_001"}, {"id": "Txy_Y1_Y"}, {"id": "Ramp_03_008"}, {"id": "Ramp_03_007"}, {"id": "Ramp_03_006"}, {"id": "Ramp_03_005"}, {"id": "Ramp_03_004"}, {"id": "Ramp_03_003"}, {"id": "Ramp_03_002"}, {"id": "Ramp_03_088"}, {"id": "Ramp_02_008"}, {"id": "Ramp_02_007"}, {"id": "Ramp_02_006"}, {"id": "Txy_V5_V"}, {"id": "Ramp_02_005"}, {"id": "Ramp_02_003"}, {"id": "Ramp_02_004"}, {"id": "Ramp_01_009"}, {"id": "Ramp_01_010"}, {"id": "Ramp_02_002"}, {"id": "Ramp_01_011"}, {"id": "Ramp_02_001"}, {"id": "Gate_E_062"}>.KTPA

TRACK ULI-61DEF4C8F1 B752 361408.6 1130122.1 446 350 75 ZDV ZDV08
    FP_ROUTE KLAS./.BCE198099..HNK..GDM.GDM4.I27.RW27.<{"id": "rwy_04_001"}, {"id": "txy_M_004"}, {"id": "txy_M_K"}, {"id": "txy_K_001"}, {"id": "txy_B_K"}, {"id": "txy_K_002"}, {"id": "txy_K_002b"}, {"id": "ramp_C_004"}, {"id": "ramp_C_003"}, {"id": "ramp_C_002"}, {"id": "txy_K_003"}, {"id": "ramp_C_001"}, {"id": "ramp_C_005"}, {"id": "ramp_C_006"}, {"id": "spot_01_08"}, {"id": "ramp_02_006"}, {"id": "ramp_02_005"}, {"id": "spot_01_07"}, {"id": "ramp_02_004"}, {"id": "ramp_02_003"}, {"id": "spot_01_06"}, {"id": "ramp_02_002"}, {"id": "ramp_02_001"}, {"id": "txy_K_006"}, {"id": "ramp_01_004"}, {"id": "spot_01_05"}, {"id": "ramp_01_003"}, {"id": "ramp_01_002"}, {"id": "ramp_01_001"}, {"id": "gate_A_001"}>.KBOS

TRACK ULI-5E8E452DE2 A321 324344 1144310.1 433 330 70 ZLA ZLA60
    FP_ROUTE KSAN./.BZA..LVS..BUM.J110.STL..STL..TTH..ROD.BUNTS2.I27L.RW27L.<{"id": "Rwy_01_001"}, {"id": "Txy_S_001"}, {"id": "Txy_S_102"}, {"id": "Txy_S_002"}, {"id": "Txy_S_003"}, {"id": "Txy_Z_009"}, {"id": "Txy_Z_010"}, {"id": "Txy_Z_011"}, {"id": "Txy_Z_012"}, {"id": "Txy_Z_013"}, {"id": "Txy_Z_014"}, {"id": "Parking_deice1_002"}, {"id": "Txy_Z_003"}, {"id": "Txy_Z_016"}, {"id": "Txy_Z_017"}, {"id": "Txy_K_001"}, {"id": "Txy_K_002"}, {"id": "Txy_K_003"}, {"id": "Txy_K_004"}, {"id": "spot_02S"}, {"id": "Ramp_13_001"}, {"id": "spot_02E"}, {"id": "Txy_J_004"}, {"id": "Ramp_01_001"}, {"id": "Ramp_01_002"}, {"id": "Ramp_01_003"}, {"id": "Ramp_01_004"}, {"id": "Ramp_01_005"}, {"id": "Gate_AW_018"}>.KPHL

TRACK ULI-ABECA42EED A320 435200 881500 471 370 89 ZAU ZAU61
    FP_ROUTE KSJC./.4003N/11842W..ALB..GDM.GDM4.I27.RW27.<{"id": "rwy_04_001"}, {"id": "txy_M_004"}, {"id": "txy_M_K"}, {"id": "txy_K_001"}, {"id": "txy_B_K"}, {"id": "txy_K_002"}, {"id": "txy_K_002b"}, {"id": "ramp_C_004"}, {"id": "ramp_C_003"}, {"id": "ramp_C_002"}, {"id": "txy_K_003"}, {"id": "ramp_C_001"}, {"id": "ramp_C_005"}, {"id": "ramp_C_006"}, {"id": "spot_01_08"}, {"id": "ramp_02_006"}, {"id": "ramp_02_005"}, {"id": "spot_01_07"}, {"id": "ramp_02_004"}, {"id": "ramp_02_003"}, {"id": "spot_01_06"}, {"id": "ramp_02_002"}, {"id": "ramp_02_001"}, {"id": "txy_K_006"}, {"id": "ramp_01_004"}, {"id": "spot_01_05"}, {"id": "ramp_01_003"}, {"id": "ramp_01_002"}, {"id": "ramp_01_001"}, {"id": "gate_A_001"}>.KBOS

TRACK ULI-F1EF442248 ALOR2 383527.3 1211713.7 468 233 58 ZOA ZOA23
    FP_ROUTE KSFO./.SAC066018..RWF.SKETR5.I12L.RW12L.<{"id": "Rwy_03_014"}, {"id": "Rwy_03_015"}, {"id": "Txy_P1_001"}, {"id": "Txy_P1_P"}, {"id": "Ramp_Deice_016"}, {"id": "Parking_Deice_022"}, {"id": "Ramp_Deice_020"}, {"id": "Ramp_Deice_021"}, {"id": "Ramp_Deice_022"}, {"id": "Gate_A_011"}>.KMSP

TRACK ULI-51CD092A80 A320 412100 941500 468 350 75 ZMP ZMP43
    FP_ROUTE KLGB./.DSM.J10.IOW..IOW.J146.GIJ..GIJ..JHW..ALB..GDM.GDM4.I27.RW27.<{"id": "rwy_04_001"}, {"id": "txy_M_004"}, {"id": "txy_M_K"}, {"id": "txy_K_001"}, {"id": "txy_B_K"}, {"id": "txy_K_002"}, {"id": "txy_K_002b"}, {"id": "ramp_C_004"}, {"id": "ramp_C_003"}, {"id": "ramp_C_002"}, {"id": "txy_K_003"}, {"id": "ramp_C_001"}, {"id": "ramp_C_005"}, {"id": "ramp_C_006"}, {"id": "spot_01_08"}, {"id": "ramp_02_006"}, {"id": "ramp_02_005"}, {"id": "spot_01_07"}, {"id": "ramp_02_004"}, {"id": "ramp_02_003"}, {"id": "spot_01_06"}, {"id": "ramp_02_002"}, {"id": "ramp_02_001"}, {"id": "txy_K_006"}, {"id": "ramp_01_004"}, {"id": "spot_01_05"}, {"id": "ramp_01_003"}, {"id": "ramp_01_002"}, {"id": "ramp_01_001"}, {"id": "gate_A_001"}>.KBOS

TRACK ULI-0DC4BD1363 A319 371100 1025800 423 370 64 ZAB ZAB72
    FP_ROUTE KPHX./.SEASU.LECTR2.I21L.RW21L.<{"id": "Rwy_04_002"}, {"id": "Txy_W1_001"}, {"id": "Txy_W_001"}, {"id": "Txy_W_002"}, {"id": "Rwy_06_104"}, {"id": "Txy_T5_W"}, {"id": "Txy_T5_001"}, {"id": "Txy_T_T5"}, {"id": "Txy_J_PP"}, {"id": "Txy_PP_003"}, {"id": "Txy_PP_104"}, {"id": "Txy_PP_105"}, {"id": "Txy_PP_015"}, {"id": "Txy_PP_017"}, {"id": "Txy_PP_106"}, {"id": "Txy_PP1_001"}, {"id": "Rwy_03_002"}, {"id": "Txy_M_001"}, {"id": "Txy_M_002"}, {"id": "Txy_F_M"}, {"id": "Txy_F_003"}, {"id": "Txy_F_U"}, {"id": "Txy_F_002"}, {"id": "Rwy_05_109"}, {"id": "Txy_F_001"}, {"id": "Txy_V_F"}, {"id": "Txy_H_F"}, {"id": "Txy_F_201"}, {"id": "Parking_deice2_002"}, {"id": "Txy_K_123"}, {"id": "Txy_K_102"}, {"id": "Txy_K_101"}, {"id": "Txy_K_024"}, {"id": "Txy_K_026"}, {"id": "Txy_K_027"}, {"id": "Txy_K_028"}, {"id": "Txy_K_029"}, {"id": "Txy_K_030"}, {"id": "Txy_K_031"}, {"id": "Txy_K_331"}, {"id": "Ramp_01_001"}, {"id": "Gate_01_001"}>.KDTW

TRACK ULI-2FC6380C89 A320 365300 1122700 429 350 69 ZLA ZLA32
    FP_ROUTE KLAX./.LAS.J146.DVC..DVC.J197.HGO..HGO..HLC..STJ..PIA..BVT..ROD.BOJID2.I27L.RW27L.<{"id": "Rwy_01_001"}, {"id": "Txy_S_001"}, {"id": "Txy_S_102"}, {"id": "Txy_S_002"}, {"id": "Txy_S_003"}, {"id": "Txy_Z_009"}, {"id": "Txy_Z_010"}, {"id": "Txy_Z_011"}, {"id": "Txy_Z_012"}, {"id": "Txy_Z_013"}, {"id": "Txy_Z_014"}, {"id": "Parking_deice1_002"}, {"id": "Txy_Z_003"}, {"id": "Txy_Z_016"}, {"id": "Txy_Z_017"}, {"id": "Txy_K_001"}, {"id": "Txy_K_002"}, {"id": "Txy_K_003"}, {"id": "Txy_K_004"}, {"id": "spot_02S"}, {"id": "Ramp_13_001"}, {"id": "spot_02E"}, {"id": "Txy_J_004"}, {"id": "Ramp_01_001"}, {"id": "Ramp_01_002"}, {"id": "Ramp_01_003"}, {"id": "Ramp_01_004"}, {"id": "Ramp_01_005"}, {"id": "Gate_AW_018"}>.KPHL

TRACK ULI-931FA81AB2 ALOR1 382232.5 882419.9 304 245 8 ZID ZID80
    FP_ROUTE KDEN./.TTH360002..ZARDA.CHERI3.I35L.RW35L.<{"id": "Rwy_01_018"}, {"id": "Txy_B_019"}, {"id": "Txy_B_018"}, {"id": "Txy_B_017"}, {"id": "Txy_B_G"}, {"id": "Rwy_03_002"}, {"id": "Rwy_03_003"}, {"id": "Txy_C_013"}, {"id": "Txy_C_G"}, {"id": "Txy_M_002"}, {"id": "Txy_M_003"}, {"id": "Ramp_01_003"}, {"id": "Ramp_01_002"}, {"id": "Ramp_01_001"}, {"id": "Gate_B_004"}>.KSDF

TRACK ULI-ECF2C0EA0B B737 382341.7 1204900.1 480 370 72 ZOA ZOA33
    FP_ROUTE KSFO./.SAC095048..VWV.ROKNN1.I06R.RW06R.<{"id": "Rwy_02_008"}, {"id": "Txy_W_003"}, {"id": "Txy_W_L"}, {"id": "Txy_L_011"}, {"id": "Txy_L_010"}, {"id": "Txy_S_L"}, {"id": "Txy_L_009"}, {"id": "Txy_R_L"}, {"id": "Txy_L_008"}, {"id": "Txy_L_007"}, {"id": "Txy_L_006"}, {"id": "Txy_K_L"}, {"id": "Txy_L_005"}, {"id": "Txy_L_004"}, {"id": "Txy_L_003"}, {"id": "Txy_N_L"}, {"id": "Txy_L_002"}, {"id": "Txy_L_001"}, {"id": "Parking_Holding_702"}, {"id": "Parking_Holding_701"}>.KCLE

TRACK ULI-0A375EA3D3 A321 405200 995700 447 330 82 ZDV ZDV09
    FP_ROUTE KSFO./.FFU199073..JST.BOJID2.I27L.RW27L.<{"id": "Rwy_01_001"}, {"id": "Txy_S_001"}, {"id": "Txy_S_102"}, {"id": "Txy_S_002"}, {"id": "Txy_S_003"}, {"id": "Txy_Z_009"}, {"id": "Txy_Z_010"}, {"id": "Txy_Z_011"}, {"id": "Txy_Z_012"}, {"id": "Txy_Z_013"}, {"id": "Txy_Z_014"}, {"id": "Parking_deice1_002"}, {"id": "Txy_Z_003"}, {"id": "Txy_Z_016"}, {"id": "Txy_Z_017"}, {"id": "Txy_K_001"}, {"id": "Txy_K_002"}, {"id": "Txy_K_003"}, {"id": "Txy_K_004"}, {"id": "spot_02S"}, {"id": "Ramp_13_001"}, {"id": "spot_02E"}, {"id": "Txy_J_004"}, {"id": "Ramp_01_001"}, {"id": "Ramp_01_002"}, {"id": "Ramp_01_003"}, {"id": "Ramp_01_004"}, {"id": "Ramp_01_005"}, {"id": "Gate_AW_018"}>.KPHL

TRACK ULI-E03FF15397 C750 381700 1164200 501 430 255 ZLC ZLC45
    FP_ROUTE KDTW./.GIJ292015..OAL.MOD8.I28L.RW28L.<{"id": "Rwy_04_016"}, {"id": "Txy_S2_001"}, {"id": "Txy_S_001"}, {"id": "Txy_S_R"}, {"id": "Txy_Z_R"}, {"id": "Txy_Z_S1"}, {"id": "Txy_Z_B1"}, {"id": "Txy_Z_Q"}, {"id": "Txy_B_003"}, {"id": "Txy_Q1_001"}, {"id": "Txy_A_014"}, {"id": "Txy_A_K"}, {"id": "Txy_A_013"}, {"id": "Txy_A_012"}, {"id": "Txy_A_011"}, {"id": "Txy_A_D"}, {"id": "Txy_A_010"}, {"id": "Txy_A_E"}, {"id": "Txy_A_009"}, {"id": "Txy_A_F1"}, {"id": "Txy_A_008"}, {"id": "Txy_A_G"}, {"id": "Txy_A_007"}, {"id": "Txy_A_006"}, {"id": "Txy_A_005"}, {"id": "Txy_A_H"}, {"id": "Txy_A_004"}, {"id": "Txy_H_006"}, {"id": "Txy_H_005"}, {"id": "Txy_H_004"}, {"id": "Txy_H_003"}, {"id": "Txy_H_002"}, {"id": "Txy_H_001"}, {"id": "Txy_M_H"}, {"id": "Ramp_01_007"}, {"id": "Ramp_01_006"}, {"id": "Ramp_01_005"}, {"id": "Ramp_01_004"}, {"id": "Ramp_01_003"}, {"id": "Ramp_01_002"}, {"id": "Ramp_01_001"}, {"id": "Gate_A_006"}>.KSFO

TRACK ULI-3D9CB227FE B752 335841.3 1104224.5 457 370 74 ZAB ZAB98
    FP_ROUTE KSAN./.PAYSO148028..HVQ.DOCCS2.I19L.RW19L.<{"id": "Rwy_02_010"}, {"id": "Txy_K9_001"}, {"id": "Txy_K_K9"}, {"id": "Txy_K_K8"}, {"id": "Txy_J_K8"}, {"id": "Txy_J_J5"}, {"id": "Txy_J_G"}, {"id": "Txy_J_F"}, {"id": "Txy_J_E"}, {"id": "Txy_J_D"}, {"id": "Txy_D_022"}, {"id": "Txy_D_021"}, {"id": "Txy_D_020"}, {"id": "Txy_D_019"}, {"id": "Txy_D_018"}, {"id": "Txy_D_017"}, {"id": "Txy_D_016"}, {"id": "Txy_D_015"}, {"id": "Txy_D_014"}, {"id": "Txy_D_013"}, {"id": "Txy_D_012"}, {"id": "Txy_D_011"}, {"id": "Txy_D_010"}, {"id": "Txy_D_009"}, {"id": "Ramp_04_003"}, {"id": "Gate_D_003"}>.KIAD

TRACK ULI-746E5CC9BB B752 391000 1002100 433 370 81 ZDV ZDV18
    FP_ROUTE KLAS./.3649N/11151W..JST.BOJID2.I27L.RW27L.<{"id": "Rwy_01_001"}, {"id": "Txy_S_001"}, {"id": "Txy_S_102"}, {"id": "Txy_S_002"}, {"id": "Txy_S_003"}, {"id": "Txy_Z_009"}, {"id": "Txy_Z_010"}, {"id": "Txy_Z_011"}, {"id": "Txy_Z_012"}, {"id": "Txy_Z_013"}, {"id": "Txy_Z_014"}, {"id": "Parking_deice1_002"}, {"id": "Txy_Z_003"}, {"id": "Txy_Z_016"}, {"id": "Txy_Z_017"}, {"id": "Txy_K_001"}, {"id": "Txy_K_002"}, {"id": "Txy_K_003"}, {"id": "Txy_K_004"}, {"id": "spot_02S"}, {"id": "Ramp_13_001"}, {"id": "spot_02E"}, {"id": "Txy_J_004"}, {"id": "Ramp_01_001"}, {"id": "Ramp_01_002"}, {"id": "Ramp_01_003"}, {"id": "Ramp_01_004"}, {"id": "Ramp_01_005"}, {"id": "Gate_AW_018"}>.KPHL

TRACK ULI-2E8104CF1B A320 391800 993700 415 370 82 ZDV ZDV18
    FP_ROUTE KLGB./.TBC023113..AIR..MGW.DOCCS2.I19L.RW19L.<{"id": "Rwy_02_010"}, {"id": "Txy_K9_001"}, {"id": "Txy_K_K9"}, {"id": "Txy_K_K8"}, {"id": "Txy_J_K8"}, {"id": "Txy_J_J5"}, {"id": "Txy_J_G"}, {"id": "Txy_J_F"}, {"id": "Txy_J_E"}, {"id": "Txy_J_D"}, {"id": "Txy_D_022"}, {"id": "Txy_D_021"}, {"id": "Txy_D_020"}, {"id": "Txy_D_019"}, {"id": "Txy_D_018"}, {"id": "Txy_D_017"}, {"id": "Txy_D_016"}, {"id": "Txy_D_015"}, {"id": "Txy_D_014"}, {"id": "Txy_D_013"}, {"id": "Txy_D_012"}, {"id": "Txy_D_011"}, {"id": "Txy_D_010"}, {"id": "Txy_D_009"}, {"id": "Ramp_04_003"}, {"id": "Gate_D_003"}>.KIAD

TRACK ULI-CFB1A98DCF ALOR1 353828.4 1111858.8 430 370 93 ZAB ZAB67
    FP_ROUTE KLAS./.FLG047051..OTK.LEESE2.I17L.RW17L.<{"id": "Rwy_04_008"}, {"id": "Txy_N6_001"}, {"id": "Txy_N_N6"}, {"id": "Txy_N_N5"}, {"id": "Txy_N_N4"}, {"id": "Txy_N_F"}, {"id": "Txy_F_004"}, {"id": "Txy_F_E6"}, {"id": "Txy_F_003"}, {"id": "Rwy_03_005"}, {"id": "Txy_F_002"}, {"id": "Txy_H_F"}, {"id": "Txy_G_F"}, {"id": "Txy_F_E5"}, {"id": "Txy_F_E4"}, {"id": "Txy_F_001"}, {"id": "Txy_F_E2"}, {"id": "Txy_F_E1"}, {"id": "Txy_C_F"}, {"id": "Txy_C_003"}, {"id": "Txy_C_B9"}, {"id": "Txy_B_B9"}, {"id": "Txy_B_B10"}, {"id": "Txy_B10_004"}, {"id": "Rwy_02_009"}, {"id": "Txy_B10_003"}, {"id": "Txy_B10_002"}, {"id": "Txy_B10_001"}, {"id": "Rwy_01_006"}, {"id": "Txy_A3_011"}, {"id": "Txy_A_A3"}, {"id": "Txy_A3_010"}, {"id": "Txy_A3_009"}, {"id": "Txy_A3_008"}, {"id": "Txy_A3_007"}, {"id": "Txy_A3_006"}, {"id": "Txy_A3_005"}, {"id": "Txy_A3_004"}, {"id": "Txy_A3_003"}, {"id": "Txy_A3_002"}, {"id": "Gate_05_002"}>.KMCO

TRACK ULI-B91B80F509 ALOR1 384201.4 1200501.5 470 350 79 ZOA ZOA32
    FP_ROUTE KSFO./.SAC079087..JVL.SHAIN1.I10C.RW10C.<{"id": "Rwy_03_001"}, {"id": "Txy_GG_002"}, {"id": "Txy_GG_P"}, {"id": "Txy_Y_P"}, {"id": "Txy_Y_001"}, {"id": "Txy_Y_N"}, {"id": "Txy_Y_V"}, {"id": "Txy_V_V6"}, {"id": "Ramp_04_008"}, {"id": "Ramp_04_026"}, {"id": "Ramp_04_027"}, {"id": "Gate_05_M20"}>.KORD

TRACK ULI-DF9C1E717E B763 550000 1520000 439 370 0 OAO OC2
    FP_ROUTE PHNL./.5500N/15200W..5643N/15149W..BAITT.NEELL6.I07L.RW07L.<{"id": "Rwy_02_001"}, {"id": "Txy_A_001"}, {"id": "Txy_A_K"}, {"id": "Txy_B_K"}, {"id": "Ramp_Cargo_003"}, {"id": "Ramp_Cargo_002"}, {"id": "Ramp_Cargo_001"}, {"id": "Txy_K_C"}, {"id": "Txy_K_D"}, {"id": "Ramp_S_007"}, {"id": "Ramp_S_006"}, {"id": "Txy_K_E"}, {"id": "Txy_G_E"}, {"id": "Txy_E_010"}, {"id": "Txy_E_L"}, {"id": "Txy_E_009"}, {"id": "Txy_E_008"}, {"id": "Txy_E_007"}, {"id": "Txy_E_006"}, {"id": "Txy_E_005"}, {"id": "Txy_E_004"}, {"id": "Txy_E_003"}, {"id": "Txy_E_002"}, {"id": "Ramp_N_005"}, {"id": "Ramp_N_006"}, {"id": "Ramp_N_007"}, {"id": "Ramp_N_008"}, {"id": "Gate_N_001"}>.PANC

TRACK ULI-47E290BAD5 B752 393900 1041400 392 390 99 ZDV ZDVDE
    FP_ROUTE KDEN./.DVV119023..RMG.CHPPR1.I08L.RW08L.<{"id": "Rwy_01_012"}, {"id": "Txy_B15_001"}, {"id": "Txy_B_015"}, {"id": "Txy_B_013"}, {"id": "Txy_B_012"}, {"id": "Txy_B_011"}, {"id": "Txy_B_010"}, {"id": "Txy_B_009"}, {"id": "Txy_D_B"}, {"id": "Txy_B_C"}, {"id": "Txy_B_008"}, {"id": "Txy_B_007"}, {"id": "Txy_B4_001"}, {"id": "Rwy_02_004"}, {"id": "Txy_E3_001"}, {"id": "Txy_E_104"}, {"id": "Txy_E_004"}, {"id": "Txy_E_003"}, {"id": "Txy_F_003"}, {"id": "Txy_F_002"}, {"id": "Txy_F_001"}, {"id": "Txy_1N_001"}, {"id": "Ramp_02_001"}, {"id": "Ramp_02_002"}, {"id": "Ramp_02_003"}, {"id": "Ramp_02_004"}, {"id": "Ramp_02_005"}, {"id": "Ramp_02_006"}, {"id": "Ramp_02_007"}, {"id": "Ramp_02_008"}, {"id": "Ramp_02_009"}, {"id": "Ramp_02_010"}, {"id": "Ramp_02_011"}, {"id": "Ramp_02_012"}, {"id": "Ramp_02_013"}, {"id": "Ramp_02_014"}, {"id": "Ramp_01_001"}, {"id": "Gate_T_001"}>.KATL

TRACK ULI-BA27F9309C MD83 332144 1162844.7 433 310 56 ZLA ZLA35
    FP_ROUTE KSAN./.TRM202006..ONL.J94.DBQ..DBQ..JVL.SHAIN1.I10C.RW10C.<{"id": "Rwy_03_001"}, {"id": "Txy_GG_002"}, {"id": "Txy_GG_P"}, {"id": "Txy_Y_P"}, {"id": "Txy_Y_001"}, {"id": "Txy_Y_N"}, {"id": "Txy_Y_V"}, {"id": "Txy_V_V6"}, {"id": "Ramp_04_008"}, {"id": "Ramp_04_026"}, {"id": "Ramp_04_027"}, {"id": "Gate_05_M20"}>.KORD

TRACK ULI-1A123FF78D ALOR1 395300 1031200 469 370 78 ZDV ZDV16
    FP_ROUTE KLAX./.DVV079062..SLT.PENNS2.I04L.RW04L.<{"id": "Rwy_02_005"}, {"id": "Txy_M_004"}, {"id": "Txy_M_003"}, {"id": "Txy_R_M"}, {"id": "Txy_S_M"}, {"id": "Txy_S_K"}, {"id": "Txy_S_J"}, {"id": "Txy_S_B"}, {"id": "Txy_A_010"}, {"id": "Txy_A_110"}, {"id": "Txy_A_011"}, {"id": "Txy_A_G"}, {"id": "Txy_A_114"}, {"id": "Txy_A_015"}, {"id": "Txy_A_E"}, {"id": "Txy_DK_001"}, {"id": "Ramp_02_007"}, {"id": "Ramp_02_006"}, {"id": "Ramp_02_005"}, {"id": "Ramp_01_018"}, {"id": "Parking_08_002"}>.KEWR

TRACK ULI-93CA1378ED ALOR1 404500 1030200 472 330 75 ZDV ZDV16
    FP_ROUTE KLAX./.SNY176021..SLT.PENNS2.I04L.RW04L.<{"id": "Rwy_02_005"}, {"id": "Txy_M_004"}, {"id": "Txy_M_003"}, {"id": "Txy_R_M"}, {"id": "Txy_S_M"}, {"id": "Txy_S_K"}, {"id": "Txy_S_J"}, {"id": "Txy_S_B"}, {"id": "Txy_A_010"}, {"id": "Txy_A_110"}, {"id": "Txy_A_011"}, {"id": "Txy_A_G"}, {"id": "Txy_A_114"}, {"id": "Txy_A_015"}, {"id": "Txy_A_E"}, {"id": "Txy_DK_001"}, {"id": "Ramp_02_007"}, {"id": "Ramp_02_006"}, {"id": "Ramp_02_005"}, {"id": "Ramp_01_018"}, {"id": "Parking_08_002"}>.KEWR

TRACK ULI-B138F12352 B763 353800 1262900 476 350 999 OAO OC4HL
    FP_ROUTE PHNL./.CLUTS.R465.CINNY..CINNY..OAK.J84.MVA..MVA.J198.ILC..ILC..LVS..TXO.SOCKK3.I31R.RW31R.<{"id": "Rwy_06_002"}, {"id": "Txy_P_R"}, {"id": "Txy_Y_021"}, {"id": "Txy_Y_P"}, {"id": "Txy_Z_P"}, {"id": "Txy_Z_N"}, {"id": "Rwy_05_004"}, {"id": "Txy_M_Z"}, {"id": "Rwy_04_005"}, {"id": "Txy_L_Z"}, {"id": "Txy_K_Z"}, {"id": "Txy_Z_011"}, {"id": "Txy_Z_JY"}, {"id": "Txy_Z_010"}, {"id": "Txy_Z_009"}, {"id": "Txy_Z_HY"}, {"id": "Txy_Z_008"}, {"id": "Txy_G_Z"}, {"id": "Txy_F_Z"}, {"id": "Rwy_03_005"}, {"id": "Txy_E_Z"}, {"id": "Rwy_02_004"}, {"id": "Txy_C_Z"}, {"id": "Txy_C_005"}, {"id": "Ramp_08_001"}, {"id": "Ramp_08_013"}, {"id": "Ramp_08_012"}, {"id": "Ramp_08_008"}, {"id": "Gate_08_005"}>.KDFW

TRACK ULI-7340D146AE ALOR1 385712.8 842354.6 260 114 0 ZID ZIDCV
    FP_ROUTE KCVG./.CVG109020.JARAF.PRIVO2.I19L.RW19L.<{"id": "Rwy_02_010"}, {"id": "Txy_K9_001"}, {"id": "Txy_K_K9"}, {"id": "Txy_K_K8"}, {"id": "Txy_J_K8"}, {"id": "Txy_J_J5"}, {"id": "Txy_J_G"}, {"id": "Txy_J_F"}, {"id": "Txy_J_E"}, {"id": "Txy_J_D"}, {"id": "Txy_D_022"}, {"id": "Txy_D_021"}, {"id": "Txy_D_020"}, {"id": "Txy_D_019"}, {"id": "Txy_D_018"}, {"id": "Txy_D_017"}, {"id": "Txy_D_016"}, {"id": "Txy_D_015"}, {"id": "Txy_D_014"}, {"id": "Txy_D_013"}, {"id": "Txy_D_012"}, {"id": "Txy_D_011"}, {"id": "Txy_D_010"}, {"id": "Txy_D_009"}, {"id": "Ramp_04_003"}, {"id": "Gate_D_003"}>.KIAD

TRACK ULI-DE00E78127 B752 382928.4 1203500.8 447 370 89 ZLC ZLC34
    FP_ROUTE KOAK./.SAC091054..MEM.CHPPR1.I08L.RW08L.<{"id": "Rwy_01_012"}, {"id": "Txy_B15_001"}, {"id": "Txy_B_015"}, {"id": "Txy_B_013"}, {"id": "Txy_B_012"}, {"id": "Txy_B_011"}, {"id": "Txy_B_010"}, {"id": "Txy_B_009"}, {"id": "Txy_D_B"}, {"id": "Txy_B_C"}, {"id": "Txy_B_008"}, {"id": "Txy_B_007"}, {"id": "Txy_B4_001"}, {"id": "Rwy_02_004"}, {"id": "Txy_E3_001"}, {"id": "Txy_E_104"}, {"id": "Txy_E_004"}, {"id": "Txy_E_003"}, {"id": "Txy_F_003"}, {"id": "Txy_F_002"}, {"id": "Txy_F_001"}, {"id": "Txy_1N_001"}, {"id": "Ramp_02_001"}, {"id": "Ramp_02_002"}, {"id": "Ramp_02_003"}, {"id": "Ramp_02_004"}, {"id": "Ramp_02_005"}, {"id": "Ramp_02_006"}, {"id": "Ramp_02_007"}, {"id": "Ramp_02_008"}, {"id": "Ramp_02_009"}, {"id": "Ramp_02_010"}, {"id": "Ramp_02_011"}, {"id": "Ramp_02_012"}, {"id": "Ramp_02_013"}, {"id": "Ramp_02_014"}, {"id": "Ramp_01_001"}, {"id": "Gate_T_001"}>.KATL

TRACK ULI-2AA79476DB B752 412009.6 1140523.2 465 350 86 ZLC ZLC05
    FP_ROUTE KSFO./.LCU..BFF..OBH.J10.DSM..DSM..BDF..ROD..APE..AIR.EMI5.I15R.RW15R.<>.KBWI

TRACK ULI-9E7EE3CD9A ALOR2 384858.1 1211758.7 460 237 54 ZOA ZOA44
    FP_ROUTE KSFO./.SAC037028..OBH.J10.DSM..DSM..BDF..ROD..APE..MGW.DOCCS2.I19L.RW19L.<{"id": "Rwy_02_010"}, {"id": "Txy_K9_001"}, {"id": "Txy_K_K9"}, {"id": "Txy_K_K8"}, {"id": "Txy_J_K8"}, {"id": "Txy_J_J5"}, {"id": "Txy_J_G"}, {"id": "Txy_J_F"}, {"id": "Txy_J_E"}, {"id": "Txy_J_D"}, {"id": "Txy_D_022"}, {"id": "Txy_D_021"}, {"id": "Txy_D_020"}, {"id": "Txy_D_019"}, {"id": "Txy_D_018"}, {"id": "Txy_D_017"}, {"id": "Txy_D_016"}, {"id": "Txy_D_015"}, {"id": "Txy_D_014"}, {"id": "Txy_D_013"}, {"id": "Txy_D_012"}, {"id": "Txy_D_011"}, {"id": "Txy_D_010"}, {"id": "Txy_D_009"}, {"id": "Ramp_04_003"}, {"id": "Gate_D_003"}>.KIAD

TRACK ULI-C39DB775A6 A320 361406.8 1130111.2 443 330 69 ZLA ZLA33
    FP_ROUTE KLAS./.BCE199101..ROD..APE..MGW.DOCCS2.I19L.RW19L.<{"id": "Rwy_02_010"}, {"id": "Txy_K9_001"}, {"id": "Txy_K_K9"}, {"id": "Txy_K_K8"}, {"id": "Txy_J_K8"}, {"id": "Txy_J_J5"}, {"id": "Txy_J_G"}, {"id": "Txy_J_F"}, {"id": "Txy_J_E"}, {"id": "Txy_J_D"}, {"id": "Txy_D_022"}, {"id": "Txy_D_021"}, {"id": "Txy_D_020"}, {"id": "Txy_D_019"}, {"id": "Txy_D_018"}, {"id": "Txy_D_017"}, {"id": "Txy_D_016"}, {"id": "Txy_D_015"}, {"id": "Txy_D_014"}, {"id": "Txy_D_013"}, {"id": "Txy_D_012"}, {"id": "Txy_D_011"}, {"id": "Txy_D_010"}, {"id": "Txy_D_009"}, {"id": "Ramp_04_003"}, {"id": "Gate_D_003"}>.KIAD

TRACK ULI-64D2C78F72 ALOR1 442115.7 864347.7 485 340 284 ZMP ZMP12
    FP_ROUTE KEWR./.TVC248070..FMG.SHARR1.I12.RW12.<{"id": "Rwy_01_001"}, {"id": "Txy_W_001"}, {"id": "Txy_W_002"}, {"id": "Txy_W_003"}, {"id": "Txy_U_W"}, {"id": "Txy_U_002"}, {"id": "Txy_U_T"}, {"id": "Txy_T_001"}, {"id": "Txy_T_002"}, {"id": "Txy_T_003"}, {"id": "Txy_T_004"}, {"id": "Txy_T_005"}, {"id": "Ramp_01_006"}, {"id": "Ramp_01_005"}, {"id": "Ramp_01_004"}, {"id": "Ramp_01_003"}, {"id": "Ramp_01_002"}, {"id": "Ramp_01_001"}, {"id": "Txy_S_001"}, {"id": "Ramp_03_002"}, {"id": "Txy_B_002"}, {"id": "Txy_B_003"}, {"id": "Txy_B_004"}, {"id": "Txy_B_006"}, {"id": "Txy_B_007"}, {"id": "Rwy_02_001"}, {"id": "Txy_B_008"}, {"id": "Txy_A_B"}, {"id": "Txy_B_009"}, {"id": "Rwy_03_001"}, {"id": "Txy_B_010"}, {"id": "Txy_A_007"}, {"id": "Txy_C_007"}, {"id": "Txy_C_006"}, {"id": "Ramp_08_003"}, {"id": "Parking_08_003"}>.KOAK

TRACK ULI-456A8CC8FB B737 411400 941900 465 370 82 ZMP ZMP43
    FP_ROUTE KDEN./.DEN.RUUTH1.I04L.RW04L.<{"id": "Rwy_02_005"}, {"id": "Txy_M_004"}, {"id": "Txy_M_003"}, {"id": "Txy_R_M"}, {"id": "Txy_S_M"}, {"id": "Txy_S_K"}, {"id": "Txy_S_J"}, {"id": "Txy_S_B"}, {"id": "Txy_A_010"}, {"id": "Txy_A_110"}, {"id": "Txy_A_011"}, {"id": "Txy_A_G"}, {"id": "Txy_A_114"}, {"id": "Txy_A_015"}, {"id": "Txy_A_E"}, {"id": "Txy_DK_001"}, {"id": "Ramp_02_007"}, {"id": "Ramp_02_006"}, {"id": "Ramp_02_005"}, {"id": "Ramp_01_018"}, {"id": "Parking_08_002"}>.KEWR

TRACK ULI-FA3B0A0096 ALOR1 360003 1055412.1 457 350 94 ZAB ZAB70
    FP_ROUTE KLAS./.ESPAN102041..MEM.CHPPR1.I08L.RW08L.<{"id": "Rwy_01_012"}, {"id": "Txy_B15_001"}, {"id": "Txy_B_015"}, {"id": "Txy_B_013"}, {"id": "Txy_B_012"}, {"id": "Txy_B_011"}, {"id": "Txy_B_010"}, {"id": "Txy_B_009"}, {"id": "Txy_D_B"}, {"id": "Txy_B_C"}, {"id": "Txy_B_008"}, {"id": "Txy_B_007"}, {"id": "Txy_B4_001"}, {"id": "Rwy_02_004"}, {"id": "Txy_E3_001"}, {"id": "Txy_E_104"}, {"id": "Txy_E_004"}, {"id": "Txy_E_003"}, {"id": "Txy_F_003"}, {"id": "Txy_F_002"}, {"id": "Txy_F_001"}, {"id": "Txy_1N_001"}, {"id": "Ramp_02_001"}, {"id": "Ramp_02_002"}, {"id": "Ramp_02_003"}, {"id": "Ramp_02_004"}, {"id": "Ramp_02_005"}, {"id": "Ramp_02_006"}, {"id": "Ramp_02_007"}, {"id": "Ramp_02_008"}, {"id": "Ramp_02_009"}, {"id": "Ramp_02_010"}, {"id": "Ramp_02_011"}, {"id": "Ramp_02_012"}, {"id": "Ramp_02_013"}, {"id": "Ramp_02_014"}, {"id": "Ramp_01_001"}, {"id": "Gate_T_001"}>.KATL

TRACK ULI-48A140F0A1 B753 394300 994900 467 330 75 ZDV ZDV17
    FP_ROUTE KLAS./.3647N/11157W..SLT..FQM.PENNS2.I04L.RW04L.<{"id": "Rwy_02_005"}, {"id": "Txy_M_004"}, {"id": "Txy_M_003"}, {"id": "Txy_R_M"}, {"id": "Txy_S_M"}, {"id": "Txy_S_K"}, {"id": "Txy_S_J"}, {"id": "Txy_S_B"}, {"id": "Txy_A_010"}, {"id": "Txy_A_110"}, {"id": "Txy_A_011"}, {"id": "Txy_A_G"}, {"id": "Txy_A_114"}, {"id": "Txy_A_015"}, {"id": "Txy_A_E"}, {"id": "Txy_DK_001"}, {"id": "Ramp_02_007"}, {"id": "Ramp_02_006"}, {"id": "Ramp_02_005"}, {"id": "Ramp_01_018"}, {"id": "Parking_08_002"}>.KEWR

TRACK ULI-6479BD9915 A320 404900 994400 434 370 81 ZDV ZDV67
    FP_ROUTE KDEN./.DVV087017..ALB.GDM4.I27.RW27.<{"id": "rwy_04_001"}, {"id": "txy_M_004"}, {"id": "txy_M_K"}, {"id": "txy_K_001"}, {"id": "txy_B_K"}, {"id": "txy_K_002"}, {"id": "txy_K_002b"}, {"id": "ramp_C_004"}, {"id": "ramp_C_003"}, {"id": "ramp_C_002"}, {"id": "txy_K_003"}, {"id": "ramp_C_001"}, {"id": "ramp_C_005"}, {"id": "ramp_C_006"}, {"id": "spot_01_08"}, {"id": "ramp_02_006"}, {"id": "ramp_02_005"}, {"id": "spot_01_07"}, {"id": "ramp_02_004"}, {"id": "ramp_02_003"}, {"id": "spot_01_06"}, {"id": "ramp_02_002"}, {"id": "ramp_02_001"}, {"id": "txy_K_006"}, {"id": "ramp_01_004"}, {"id": "spot_01_05"}, {"id": "ramp_01_003"}, {"id": "ramp_01_002"}, {"id": "ramp_01_001"}, {"id": "gate_A_001"}>.KBOS

TRACK ULI-02CFDEC304 B738 381425.5 1051446.8 448 350 66 ZDV ZDV18
    FP_ROUTE KLAX./.PUB267038..ALB.GDM4.I27.RW27.<{"id": "rwy_04_001"}, {"id": "txy_M_004"}, {"id": "txy_M_K"}, {"id": "txy_K_001"}, {"id": "txy_B_K"}, {"id": "txy_K_002"}, {"id": "txy_K_002b"}, {"id": "ramp_C_004"}, {"id": "ramp_C_003"}, {"id": "ramp_C_002"}, {"id": "txy_K_003"}, {"id": "ramp_C_001"}, {"id": "ramp_C_005"}, {"id": "ramp_C_006"}, {"id": "spot_01_08"}, {"id": "ramp_02_006"}, {"id": "ramp_02_005"}, {"id": "spot_01_07"}, {"id": "ramp_02_004"}, {"id": "ramp_02_003"}, {"id": "spot_01_06"}, {"id": "ramp_02_002"}, {"id": "ramp_02_001"}, {"id": "txy_K_006"}, {"id": "ramp_01_004"}, {"id": "spot_01_05"}, {"id": "ramp_01_003"}, {"id": "ramp_01_002"}, {"id": "ramp_01_001"}, {"id": "gate_A_001"}>.KBOS

TRACK ULI-1FBF81D748 A319 383649.3 1204402.9 464 330 82 ZLC ZLC04
    FP_ROUTE KSJC./.SAC080045..HVQ.DOCCS2.I19L.RW19L.<{"id": "Rwy_02_010"}, {"id": "Txy_K9_001"}, {"id": "Txy_K_K9"}, {"id": "Txy_K_K8"}, {"id": "Txy_J_K8"}, {"id": "Txy_J_J5"}, {"id": "Txy_J_G"}, {"id": "Txy_J_F"}, {"id": "Txy_J_E"}, {"id": "Txy_J_D"}, {"id": "Txy_D_022"}, {"id": "Txy_D_021"}, {"id": "Txy_D_020"}, {"id": "Txy_D_019"}, {"id": "Txy_D_018"}, {"id": "Txy_D_017"}, {"id": "Txy_D_016"}, {"id": "Txy_D_015"}, {"id": "Txy_D_014"}, {"id": "Txy_D_013"}, {"id": "Txy_D_012"}, {"id": "Txy_D_011"}, {"id": "Txy_D_010"}, {"id": "Txy_D_009"}, {"id": "Ramp_04_003"}, {"id": "Gate_D_003"}>.KIAD

TRACK ULI-85337D37A0 A319 403300 942000 455 370 89 ZMP ZMP43
    FP_ROUTE KDEN./.4029N/09906W..MGW.DOCCS2.I19L.RW19L.<{"id": "Rwy_02_010"}, {"id": "Txy_K9_001"}, {"id": "Txy_K_K9"}, {"id": "Txy_K_K8"}, {"id": "Txy_J_K8"}, {"id": "Txy_J_J5"}, {"id": "Txy_J_G"}, {"id": "Txy_J_F"}, {"id": "Txy_J_E"}, {"id": "Txy_J_D"}, {"id": "Txy_D_022"}, {"id": "Txy_D_021"}, {"id": "Txy_D_020"}, {"id": "Txy_D_019"}, {"id": "Txy_D_018"}, {"id": "Txy_D_017"}, {"id": "Txy_D_016"}, {"id": "Txy_D_015"}, {"id": "Txy_D_014"}, {"id": "Txy_D_013"}, {"id": "Txy_D_012"}, {"id": "Txy_D_011"}, {"id": "Txy_D_010"}, {"id": "Txy_D_009"}, {"id": "Ramp_04_003"}, {"id": "Gate_D_003"}>.KIAD

TRACK ULI-2D840B4347 B738 332627.1 1165236.5 423 370 72 ZAB ZAB67
    FP_ROUTE KLAX./.TRM260023..MCI.J80.VHP..VHP..APE..MGW.DOCCS2.I19L.RW19L.<{"id": "Rwy_02_010"}, {"id": "Txy_K9_001"}, {"id": "Txy_K_K9"}, {"id": "Txy_K_K8"}, {"id": "Txy_J_K8"}, {"id": "Txy_J_J5"}, {"id": "Txy_J_G"}, {"id": "Txy_J_F"}, {"id": "Txy_J_E"}, {"id": "Txy_J_D"}, {"id": "Txy_D_022"}, {"id": "Txy_D_021"}, {"id": "Txy_D_020"}, {"id": "Txy_D_019"}, {"id": "Txy_D_018"}, {"id": "Txy_D_017"}, {"id": "Txy_D_016"}, {"id": "Txy_D_015"}, {"id": "Txy_D_014"}, {"id": "Txy_D_013"}, {"id": "Txy_D_012"}, {"id": "Txy_D_011"}, {"id": "Txy_D_010"}, {"id": "Txy_D_009"}, {"id": "Ramp_04_003"}, {"id": "Gate_D_003"}>.KIAD

TRACK ULI-8853A7F45B B752 320200 944800 482 370 118 ZFW ZFW89
    FP_ROUTE KSFO./.ILC..HRV.CYY9.I08R.RW08R.<{"id": "Rwy_02_013"}, {"id": "Txy_M11_001"}, {"id": "Txy_M_001"}, {"id": "Txy_N_001"}, {"id": "Ramp_01_007"}, {"id": "Ramp_01_006"}, {"id": "Ramp_01_005"}, {"id": "Ramp_01_004"}, {"id": "Ramp_01_003"}, {"id": "Ramp_01_002"}, {"id": "Ramp_01_001"}, {"id": "Gate_D_019"}>.KMIA

TRACK ULI-56861D473E A319 413900 940800 468 350 74 ZMP ZMP43
    FP_ROUTE KDEN./.DVV121020..ALB.GDM4.I27.RW27.<{"id": "rwy_04_001"}, {"id": "txy_M_004"}, {"id": "txy_M_K"}, {"id": "txy_K_001"}, {"id": "txy_B_K"}, {"id": "txy_K_002"}, {"id": "txy_K_002b"}, {"id": "ramp_C_004"}, {"id": "ramp_C_003"}, {"id": "ramp_C_002"}, {"id": "txy_K_003"}, {"id": "ramp_C_001"}, {"id": "ramp_C_005"}, {"id": "ramp_C_006"}, {"id": "spot_01_08"}, {"id": "ramp_02_006"}, {"id": "ramp_02_005"}, {"id": "spot_01_07"}, {"id": "ramp_02_004"}, {"id": "ramp_02_003"}, {"id": "spot_01_06"}, {"id": "ramp_02_002"}, {"id": "ramp_02_001"}, {"id": "txy_K_006"}, {"id": "ramp_01_004"}, {"id": "spot_01_05"}, {"id": "ramp_01_003"}, {"id": "ramp_01_002"}, {"id": "ramp_01_001"}, {"id": "gate_A_001"}>.KBOS

TRACK ULI-278BD2DDD0 ALOR3 395700 751400 274 360 288 ZDC ZNYPH
    FP_ROUTE KPHL./.3957N/07513W..STOEN.OZZZI1.I08L.RW08L.<{"id": "Rwy_01_012"}, {"id": "Txy_B15_001"}, {"id": "Txy_B_015"}, {"id": "Txy_B_013"}, {"id": "Txy_B_012"}, {"id": "Txy_B_011"}, {"id": "Txy_B_010"}, {"id": "Txy_B_009"}, {"id": "Txy_D_B"}, {"id": "Txy_B_C"}, {"id": "Txy_B_008"}, {"id": "Txy_B_007"}, {"id": "Txy_B4_001"}, {"id": "Rwy_02_004"}, {"id": "Txy_E3_001"}, {"id": "Txy_E_104"}, {"id": "Txy_E_004"}, {"id": "Txy_E_003"}, {"id": "Txy_F_003"}, {"id": "Txy_F_002"}, {"id": "Txy_F_001"}, {"id": "Txy_1N_001"}, {"id": "Ramp_02_001"}, {"id": "Ramp_02_002"}, {"id": "Ramp_02_003"}, {"id": "Ramp_02_004"}, {"id": "Ramp_02_005"}, {"id": "Ramp_02_006"}, {"id": "Ramp_02_007"}, {"id": "Ramp_02_008"}, {"id": "Ramp_02_009"}, {"id": "Ramp_02_010"}, {"id": "Ramp_02_011"}, {"id": "Ramp_02_012"}, {"id": "Ramp_02_013"}, {"id": "Ramp_02_014"}, {"id": "Ramp_01_001"}, {"id": "Gate_T_001"}>.KATL

TRACK ULI-DCD402C848 ALOR2 361200 1142000 383 214 180 ZLA ZLA07
    FP_ROUTE KLAS./.BLD051029..HBU.PEEKK3.I16L.RW16L.<{"id": "Rwy_02_011"}, {"id": "Txy_F1_001"}, {"id": "Txy_F_F1"}, {"id": "Txy_G_F1"}, {"id": "Txy_F1_002"}, {"id": "Txy_H_F1"}, {"id": "Txy_H_CS"}, {"id": "Ramp_02_019"}, {"id": "Ramp_02_018"}, {"id": "Ramp_02_017"}, {"id": "Ramp_02_016"}, {"id": "Ramp_02_015"}, {"id": "Gate_C_015"}>.KDEN

TRACK ULI-7D9351650A B737 373300 1035100 478 390 97 ZDV ZDV30
    FP_ROUTE KSFO./.SAC108037..MEM.CHPPR1.I08L.RW08L.<{"id": "Rwy_01_012"}, {"id": "Txy_B15_001"}, {"id": "Txy_B_015"}, {"id": "Txy_B_013"}, {"id": "Txy_B_012"}, {"id": "Txy_B_011"}, {"id": "Txy_B_010"}, {"id": "Txy_B_009"}, {"id": "Txy_D_B"}, {"id": "Txy_B_C"}, {"id": "Txy_B_008"}, {"id": "Txy_B_007"}, {"id": "Txy_B4_001"}, {"id": "Rwy_02_004"}, {"id": "Txy_E3_001"}, {"id": "Txy_E_104"}, {"id": "Txy_E_004"}, {"id": "Txy_E_003"}, {"id": "Txy_F_003"}, {"id": "Txy_F_002"}, {"id": "Txy_F_001"}, {"id": "Txy_1N_001"}, {"id": "Ramp_02_001"}, {"id": "Ramp_02_002"}, {"id": "Ramp_02_003"}, {"id": "Ramp_02_004"}, {"id": "Ramp_02_005"}, {"id": "Ramp_02_006"}, {"id": "Ramp_02_007"}, {"id": "Ramp_02_008"}, {"id": "Ramp_02_009"}, {"id": "Ramp_02_010"}, {"id": "Ramp_02_011"}, {"id": "Ramp_02_012"}, {"id": "Ramp_02_013"}, {"id": "Ramp_02_014"}, {"id": "Ramp_01_001"}, {"id": "Gate_T_001"}>.KATL

TRACK ULI-C1DDC1EC48 F2TH 421624.2 761133.0 473 350 89 ZLC ZLC05
    FP_ROUTE KSLC./.SLC.SPUDS4.I27L.RW27L.<{"id": "Rwy_01_001"}, {"id": "Txy_S_001"}, {"id": "Txy_S_102"}, {"id": "Txy_S_002"}, {"id": "Txy_S_003"}, {"id": "Txy_Z_009"}, {"id": "Txy_Z_010"}, {"id": "Txy_Z_011"}, {"id": "Txy_Z_012"}, {"id": "Txy_Z_013"}, {"id": "Txy_Z_014"}, {"id": "Parking_deice1_002"}, {"id": "Txy_Z_003"}, {"id": "Txy_Z_016"}, {"id": "Txy_Z_017"}, {"id": "Txy_K_001"}, {"id": "Txy_K_002"}, {"id": "Txy_K_003"}, {"id": "Txy_K_004"}, {"id": "spot_02S"}, {"id": "Ramp_13_001"}, {"id": "spot_02E"}, {"id": "Txy_J_004"}, {"id": "Ramp_01_001"}, {"id": "Ramp_01_002"}, {"id": "Ramp_01_003"}, {"id": "Ramp_01_004"}, {"id": "Ramp_01_005"}, {"id": "Gate_AW_018"}>.KPHL

TRACK ULI-75B137C3C9 B737 383303.0 1045613.7 448 390 81 ZMP ZMP40
    FP_ROUTE KSNA./.PUB334024..SLT.PENNS2.I04L.RW04L.<{"id": "Rwy_02_005"}, {"id": "Txy_M_004"}, {"id": "Txy_M_003"}, {"id": "Txy_R_M"}, {"id": "Txy_S_M"}, {"id": "Txy_S_K"}, {"id": "Txy_S_J"}, {"id": "Txy_S_B"}, {"id": "Txy_A_010"}, {"id": "Txy_A_110"}, {"id": "Txy_A_011"}, {"id": "Txy_A_G"}, {"id": "Txy_A_114"}, {"id": "Txy_A_015"}, {"id": "Txy_A_E"}, {"id": "Txy_DK_001"}, {"id": "Ramp_02_007"}, {"id": "Ramp_02_006"}, {"id": "Ramp_02_005"}, {"id": "Ramp_01_018"}, {"id": "Parking_08_002"}>.KEWR

TRACK ULI-D1C05BC221 B737 341000 1141500 405 370 81 ZLA ZLA39
    FP_ROUTE KLAX./.MZB333054..FSM..MEM.CHPPR1.I08L.RW08L.<{"id": "Rwy_01_012"}, {"id": "Txy_B15_001"}, {"id": "Txy_B_015"}, {"id": "Txy_B_013"}, {"id": "Txy_B_012"}, {"id": "Txy_B_011"}, {"id": "Txy_B_010"}, {"id": "Txy_B_009"}, {"id": "Txy_D_B"}, {"id": "Txy_B_C"}, {"id": "Txy_B_008"}, {"id": "Txy_B_007"}, {"id": "Txy_B4_001"}, {"id": "Rwy_02_004"}, {"id": "Txy_E3_001"}, {"id": "Txy_E_104"}, {"id": "Txy_E_004"}, {"id": "Txy_E_003"}, {"id": "Txy_F_003"}, {"id": "Txy_F_002"}, {"id": "Txy_F_001"}, {"id": "Txy_1N_001"}, {"id": "Ramp_02_001"}, {"id": "Ramp_02_002"}, {"id": "Ramp_02_003"}, {"id": "Ramp_02_004"}, {"id": "Ramp_02_005"}, {"id": "Ramp_02_006"}, {"id": "Ramp_02_007"}, {"id": "Ramp_02_008"}, {"id": "Ramp_02_009"}, {"id": "Ramp_02_010"}, {"id": "Ramp_02_011"}, {"id": "Ramp_02_012"}, {"id": "Ramp_02_013"}, {"id": "Ramp_02_014"}, {"id": "Ramp_01_001"}, {"id": "Gate_T_001"}>.KATL

TRACK ULI-84028E8EDF CRJ9 353400 1140400 468 270 121 ZLA ZLA35
    FP_ROUTE KLAS./.LAS.ARLIN4.I25L.RW25L.<{"id": "Rwy_03_001"}, {"id": "Txy_G3_001"}, {"id": "Txy_F_001"}, {"id": "Txy_F_002"}, {"id": "Txy_F_003"}, {"id": "Txy_F_004"}, {"id": "Txy_F_005"}, {"id": "Txy_F_006"}, {"id": "Txy_F_007"}, {"id": "Txy_F_008"}, {"id": "Txy_F_009"}, {"id": "Txy_F_010"}, {"id": "Txy_F_011"}, {"id": "Txy_F_012"}, {"id": "Txy_F_013"}, {"id": "Txy_F13_001"}, {"id": "Rwy_02_018"}, {"id": "Txy_E13_001"}, {"id": "Txy_R_006"}, {"id": "Txy_R_007"}, {"id": "Txy_R_005"}, {"id": "Txy_R_004"}, {"id": "Txy_R_003"}, {"id": "Txy_R_002"}, {"id": "Ramp_11_002"}, {"id": "Parking_11_001"}>.KPHX

TRACK ULI-3E4CAC6F6F A320 384257.7 1210550.2 455 330 82 ZLC ZLC05
    FP_ROUTE KOAK./.SAC061036..GDM.GDM4.I27.RW27.<{"id": "rwy_04_001"}, {"id": "txy_M_004"}, {"id": "txy_M_K"}, {"id": "txy_K_001"}, {"id": "txy_B_K"}, {"id": "txy_K_002"}, {"id": "txy_K_002b"}, {"id": "ramp_C_004"}, {"id": "ramp_C_003"}, {"id": "ramp_C_002"}, {"id": "txy_K_003"}, {"id": "ramp_C_001"}, {"id": "ramp_C_005"}, {"id": "ramp_C_006"}, {"id": "spot_01_08"}, {"id": "ramp_02_006"}, {"id": "ramp_02_005"}, {"id": "spot_01_07"}, {"id": "ramp_02_004"}, {"id": "ramp_02_003"}, {"id": "spot_01_06"}, {"id": "ramp_02_002"}, {"id": "ramp_02_001"}, {"id": "txy_K_006"}, {"id": "ramp_01_004"}, {"id": "spot_01_05"}, {"id": "ramp_01_003"}, {"id": "ramp_01_002"}, {"id": "ramp_01_001"}, {"id": "gate_A_001"}>.KBOS

TRACK ULI-52F8E5E1E3 A320 391714.3 1123909.8 467 350 75 ZLC ZLC04
    FP_ROUTE KOAK./.DTA.PRIVO2.I19L.RW19L.<{"id": "Rwy_02_010"}, {"id": "Txy_K9_001"}, {"id": "Txy_K_K9"}, {"id": "Txy_K_K8"}, {"id": "Txy_J_K8"}, {"id": "Txy_J_J5"}, {"id": "Txy_J_G"}, {"id": "Txy_J_F"}, {"id": "Txy_J_E"}, {"id": "Txy_J_D"}, {"id": "Txy_D_022"}, {"id": "Txy_D_021"}, {"id": "Txy_D_020"}, {"id": "Txy_D_019"}, {"id": "Txy_D_018"}, {"id": "Txy_D_017"}, {"id": "Txy_D_016"}, {"id": "Txy_D_015"}, {"id": "Txy_D_014"}, {"id": "Txy_D_013"}, {"id": "Txy_D_012"}, {"id": "Txy_D_011"}, {"id": "Txy_D_010"}, {"id": "Txy_D_009"}, {"id": "Ramp_04_003"}, {"id": "Gate_D_003"}>.KIAD

TRACK ULI-46EC8FC5B5 B752 575700 1360800 499 350 118 ZAN ZAN08
    FP_ROUTE PANC./.YYD..BIL.J13.CYS..CYS..LAA.J20.LBL..LBL..SPS.SOCKK3.I31R.RW31R.<{"id": "Rwy_06_002"}, {"id": "Txy_P_R"}, {"id": "Txy_Y_021"}, {"id": "Txy_Y_P"}, {"id": "Txy_Z_P"}, {"id": "Txy_Z_N"}, {"id": "Rwy_05_004"}, {"id": "Txy_M_Z"}, {"id": "Rwy_04_005"}, {"id": "Txy_L_Z"}, {"id": "Txy_K_Z"}, {"id": "Txy_Z_011"}, {"id": "Txy_Z_JY"}, {"id": "Txy_Z_010"}, {"id": "Txy_Z_009"}, {"id": "Txy_Z_HY"}, {"id": "Txy_Z_008"}, {"id": "Txy_G_Z"}, {"id": "Txy_F_Z"}, {"id": "Rwy_03_005"}, {"id": "Txy_E_Z"}, {"id": "Rwy_02_004"}, {"id": "Txy_C_Z"}, {"id": "Txy_C_005"}, {"id": "Ramp_08_001"}, {"id": "Ramp_08_013"}, {"id": "Ramp_08_012"}, {"id": "Ramp_08_008"}, {"id": "Gate_08_005"}>.KDFW

TRACK ULI-392E992D8F B738 382532.9 1210303.4 445 350 93 ZLC ZLC34
    FP_ROUTE KSJC./.SAC097045..MEM.CHPPR1.I08L.RW08L.<{"id": "Rwy_01_012"}, {"id": "Txy_B15_001"}, {"id": "Txy_B_015"}, {"id": "Txy_B_013"}, {"id": "Txy_B_012"}, {"id": "Txy_B_011"}, {"id": "Txy_B_010"}, {"id": "Txy_B_009"}, {"id": "Txy_D_B"}, {"id": "Txy_B_C"}, {"id": "Txy_B_008"}, {"id": "Txy_B_007"}, {"id": "Txy_B4_001"}, {"id": "Rwy_02_004"}, {"id": "Txy_E3_001"}, {"id": "Txy_E_104"}, {"id": "Txy_E_004"}, {"id": "Txy_E_003"}, {"id": "Txy_F_003"}, {"id": "Txy_F_002"}, {"id": "Txy_F_001"}, {"id": "Txy_1N_001"}, {"id": "Ramp_02_001"}, {"id": "Ramp_02_002"}, {"id": "Ramp_02_003"}, {"id": "Ramp_02_004"}, {"id": "Ramp_02_005"}, {"id": "Ramp_02_006"}, {"id": "Ramp_02_007"}, {"id": "Ramp_02_008"}, {"id": "Ramp_02_009"}, {"id": "Ramp_02_010"}, {"id": "Ramp_02_011"}, {"id": "Ramp_02_012"}, {"id": "Ramp_02_013"}, {"id": "Ramp_02_014"}, {"id": "Ramp_01_001"}, {"id": "Gate_T_001"}>.KATL

TRACK ULI-2BABC3DE06 B744 361600 1202700 474 370 147 ZOA ZOA13
    FP_ROUTE PANC./.OED271173..AVE.HUULL2.I24R.RW24R.<{"id": "Rwy_04_005"}, {"id": "Txy_BB_003"}, {"id": "Txy_BB_002"}, {"id": "Rwy_03_009"}, {"id": "Txy_BB_001"}, {"id": "Txy_E_BB"}, {"id": "Txy_E_E15"}, {"id": "Ramp_11_003"}, {"id": "Ramp_11_004"}, {"id": "Ramp_11_005"}, {"id": "Ramp_11_006"}, {"id": "Ramp_11_007"}, {"id": "Gate_11_014"}>.KLAX

TRACK ULI-B9DD41A553 B752 360511.6423 1150908.96946 442 21.81 101 ZLA ZLA36
    FP_ROUTE KLAS.<{"id": "Gate_terminalA_023"}, {"id": "Ramp_01_031"}, {"id": "Ramp_01_030"}, {"id": "Ramp_01_029"}, {"id": "Ramp_01_028"}, {"id": "Ramp_01_027"}, {"id": "Txy_S_D"}, {"id": "Ramp_02_032"}, {"id": "Ramp_02_033"}, {"id": "Ramp_02_034"}, {"id": "Ramp_02_037"}, {"id": "Ramp_02_035"}, {"id": "Txy_D_N"}, {"id": "Txy_D_M"}, {"id": "Txy_D_L"}, {"id": "Txy_L_001"}, {"id": "Rwy_2_004"}>.RW19L.COWBY8.SPS..TXK..JAN..SZW..OCF.LEESE2.I17L.RW17L.<{"id": "Rwy_04_008"}, {"id": "Txy_N6_001"}, {"id": "Txy_N_N6"}, {"id": "Txy_N_N5"}, {"id": "Txy_N_N4"}, {"id": "Txy_N_F"}, {"id": "Txy_F_004"}, {"id": "Txy_F_E6"}, {"id": "Txy_F_003"}, {"id": "Rwy_03_005"}, {"id": "Txy_F_002"}, {"id": "Txy_H_F"}, {"id": "Txy_G_F"}, {"id": "Txy_F_E5"}, {"id": "Txy_F_E4"}, {"id": "Txy_F_001"}, {"id": "Txy_F_E2"}, {"id": "Txy_F_E1"}, {"id": "Txy_C_F"}, {"id": "Txy_C_003"}, {"id": "Txy_C_B9"}, {"id": "Txy_B_B9"}, {"id": "Txy_B_B10"}, {"id": "Txy_B10_004"}, {"id": "Rwy_02_009"}, {"id": "Txy_B10_003"}, {"id": "Txy_B10_002"}, {"id": "Txy_B10_001"}, {"id": "Rwy_01_006"}, {"id": "Txy_A3_011"}, {"id": "Txy_A_A3"}, {"id": "Txy_A3_010"}, {"id": "Txy_A3_009"}, {"id": "Txy_A3_008"}, {"id": "Txy_A3_007"}, {"id": "Txy_A3_006"}, {"id": "Txy_A3_005"}, {"id": "Txy_A3_004"}, {"id": "Txy_A3_003"}, {"id": "Txy_A3_002"}, {"id": "Gate_05_002"}>.KMCO

TRACK ULI-D776F797C7 B738 331700 1041100 439 370 89 ZAB ZAB23
    FP_ROUTE KSAN./.MOHAK..MGM.GNDLF2.I08L.RW08L.<{"id": "Rwy_01_012"}, {"id": "Txy_B15_001"}, {"id": "Txy_B_015"}, {"id": "Txy_B_013"}, {"id": "Txy_B_012"}, {"id": "Txy_B_011"}, {"id": "Txy_B_010"}, {"id": "Txy_B_009"}, {"id": "Txy_D_B"}, {"id": "Txy_B_C"}, {"id": "Txy_B_008"}, {"id": "Txy_B_007"}, {"id": "Txy_B4_001"}, {"id": "Rwy_02_004"}, {"id": "Txy_E3_001"}, {"id": "Txy_E_104"}, {"id": "Txy_E_004"}, {"id": "Txy_E_003"}, {"id": "Txy_F_003"}, {"id": "Txy_F_002"}, {"id": "Txy_F_001"}, {"id": "Txy_1N_001"}, {"id": "Ramp_02_001"}, {"id": "Ramp_02_002"}, {"id": "Ramp_02_003"}, {"id": "Ramp_02_004"}, {"id": "Ramp_02_005"}, {"id": "Ramp_02_006"}, {"id": "Ramp_02_007"}, {"id": "Ramp_02_008"}, {"id": "Ramp_02_009"}, {"id": "Ramp_02_010"}, {"id": "Ramp_02_011"}, {"id": "Ramp_02_012"}, {"id": "Ramp_02_013"}, {"id": "Ramp_02_014"}, {"id": "Ramp_01_001"}, {"id": "Gate_T_001"}>.KATL

TRACK ULI-F629D05301 B753 430200 1081400 461 330 74 ZLC ZLC16
    FP_ROUTE KSFO./.OCS315082..RAP239091..ONL314096..MCW293082..BAE.RKCTY1.I21L.RW21L.<{"id": "Rwy_04_002"}, {"id": "Txy_W1_001"}, {"id": "Txy_W_001"}, {"id": "Txy_W_002"}, {"id": "Rwy_06_104"}, {"id": "Txy_T5_W"}, {"id": "Txy_T5_001"}, {"id": "Txy_T_T5"}, {"id": "Txy_J_PP"}, {"id": "Txy_PP_003"}, {"id": "Txy_PP_104"}, {"id": "Txy_PP_105"}, {"id": "Txy_PP_015"}, {"id": "Txy_PP_017"}, {"id": "Txy_PP_106"}, {"id": "Txy_PP1_001"}, {"id": "Rwy_03_002"}, {"id": "Txy_M_001"}, {"id": "Txy_M_002"}, {"id": "Txy_F_M"}, {"id": "Txy_F_003"}, {"id": "Txy_F_U"}, {"id": "Txy_F_002"}, {"id": "Rwy_05_109"}, {"id": "Txy_F_001"}, {"id": "Txy_V_F"}, {"id": "Txy_H_F"}, {"id": "Txy_F_201"}, {"id": "Parking_deice2_002"}, {"id": "Txy_K_123"}, {"id": "Txy_K_102"}, {"id": "Txy_K_101"}, {"id": "Txy_K_024"}, {"id": "Txy_K_026"}, {"id": "Txy_K_027"}, {"id": "Txy_K_028"}, {"id": "Txy_K_029"}, {"id": "Txy_K_030"}, {"id": "Txy_K_031"}, {"id": "Txy_K_331"}, {"id": "Ramp_01_001"}, {"id": "Gate_01_001"}>.KDTW

TRACK ULI-45F6CE7AE7 B738 405558 1121301.2 457 360 105 ZDV ZDV18
    FP_ROUTE KSLC./.HIF211016..MEM.CHPPR1.I08L.RW08L.<{"id": "Rwy_01_012"}, {"id": "Txy_B15_001"}, {"id": "Txy_B_015"}, {"id": "Txy_B_013"}, {"id": "Txy_B_012"}, {"id": "Txy_B_011"}, {"id": "Txy_B_010"}, {"id": "Txy_B_009"}, {"id": "Txy_D_B"}, {"id": "Txy_B_C"}, {"id": "Txy_B_008"}, {"id": "Txy_B_007"}, {"id": "Txy_B4_001"}, {"id": "Rwy_02_004"}, {"id": "Txy_E3_001"}, {"id": "Txy_E_104"}, {"id": "Txy_E_004"}, {"id": "Txy_E_003"}, {"id": "Txy_F_003"}, {"id": "Txy_F_002"}, {"id": "Txy_F_001"}, {"id": "Txy_1N_001"}, {"id": "Ramp_02_001"}, {"id": "Ramp_02_002"}, {"id": "Ramp_02_003"}, {"id": "Ramp_02_004"}, {"id": "Ramp_02_005"}, {"id": "Ramp_02_006"}, {"id": "Ramp_02_007"}, {"id": "Ramp_02_008"}, {"id": "Ramp_02_009"}, {"id": "Ramp_02_010"}, {"id": "Ramp_02_011"}, {"id": "Ramp_02_012"}, {"id": "Ramp_02_013"}, {"id": "Ramp_02_014"}, {"id": "Ramp_01_001"}, {"id": "Gate_T_001"}>.KATL

TRACK ULI-60065F5E7E ALOR2 334000 1173000 416 209 89 ZLA NONE
    FP_ROUTE KLAX./.MZB333054..MEM.CHPPR1.I08L.RW08L.<{"id": "Rwy_01_012"}, {"id": "Txy_B15_001"}, {"id": "Txy_B_015"}, {"id": "Txy_B_013"}, {"id": "Txy_B_012"}, {"id": "Txy_B_011"}, {"id": "Txy_B_010"}, {"id": "Txy_B_009"}, {"id": "Txy_D_B"}, {"id": "Txy_B_C"}, {"id": "Txy_B_008"}, {"id": "Txy_B_007"}, {"id": "Txy_B4_001"}, {"id": "Rwy_02_004"}, {"id": "Txy_E3_001"}, {"id": "Txy_E_104"}, {"id": "Txy_E_004"}, {"id": "Txy_E_003"}, {"id": "Txy_F_003"}, {"id": "Txy_F_002"}, {"id": "Txy_F_001"}, {"id": "Txy_1N_001"}, {"id": "Ramp_02_001"}, {"id": "Ramp_02_002"}, {"id": "Ramp_02_003"}, {"id": "Ramp_02_004"}, {"id": "Ramp_02_005"}, {"id": "Ramp_02_006"}, {"id": "Ramp_02_007"}, {"id": "Ramp_02_008"}, {"id": "Ramp_02_009"}, {"id": "Ramp_02_010"}, {"id": "Ramp_02_011"}, {"id": "Ramp_02_012"}, {"id": "Ramp_02_013"}, {"id": "Ramp_02_014"}, {"id": "Ramp_01_001"}, {"id": "Gate_T_001"}>.KATL

TRACK ULI-273AD97358 ALOR1 354600 1153600 424 310 46 ZLA ZLA34
    FP_ROUTE KLAX./.BLD231042..JVL.BENKY5.I28R.RW28R.<{"id": "Rwy_04_013"}, {"id": "Txy_AA_009"}, {"id": "Txy_AA_N"}, {"id": "Txy_N_L1"}, {"id": "Txy_BB_L"}, {"id": "Txy_CC_L"}, {"id": "Txy_L2_L"}, {"id": "Txy_DD_L"}, {"id": "Txy_L_L3"}, {"id": "Txy_L_SS"}, {"id": "Txy_N_SS"}, {"id": "Txy_N_T"}, {"id": "Txy_N_N2"}, {"id": "Txy_N4_N3"}, {"id": "Txy_N_N5"}, {"id": "Txy_N_EE"}, {"id": "Txy_EE_V"}, {"id": "Txy_V_V2"}, {"id": "Txy_V_V3"}, {"id": "Ramp_04_005"}, {"id": "Ramp_04_017"}, {"id": "Ramp_04_018"}, {"id": "Ramp_04_019"}, {"id": "Ramp_04_028"}, {"id": "Ramp_04_020"}, {"id": "Ramp_04_021"}, {"id": "Ramp_04_022"}, {"id": "Ramp_04_023"}, {"id": "Ramp_04_024"}, {"id": "Ramp_04_025"}, {"id": "Ramp_04_026"}, {"id": "Ramp_04_027"}, {"id": "Gate_05_M20"}>.KORD

TRACK ULI-9F435DF94B B764 355137.3 1181326.8 460 330 89 ZLA ZLA35
    FP_ROUTE PHNL./.PMD358086..MEM.CHPPR1.I08L.RW08L.<{"id": "Rwy_01_012"}, {"id": "Txy_B15_001"}, {"id": "Txy_B_015"}, {"id": "Txy_B_013"}, {"id": "Txy_B_012"}, {"id": "Txy_B_011"}, {"id": "Txy_B_010"}, {"id": "Txy_B_009"}, {"id": "Txy_D_B"}, {"id": "Txy_B_C"}, {"id": "Txy_B_008"}, {"id": "Txy_B_007"}, {"id": "Txy_B4_001"}, {"id": "Rwy_02_004"}, {"id": "Txy_E3_001"}, {"id": "Txy_E_104"}, {"id": "Txy_E_004"}, {"id": "Txy_E_003"}, {"id": "Txy_F_003"}, {"id": "Txy_F_002"}, {"id": "Txy_F_001"}, {"id": "Txy_1N_001"}, {"id": "Ramp_02_001"}, {"id": "Ramp_02_002"}, {"id": "Ramp_02_003"}, {"id": "Ramp_02_004"}, {"id": "Ramp_02_005"}, {"id": "Ramp_02_006"}, {"id": "Ramp_02_007"}, {"id": "Ramp_02_008"}, {"id": "Ramp_02_009"}, {"id": "Ramp_02_010"}, {"id": "Ramp_02_011"}, {"id": "Ramp_02_012"}, {"id": "Ramp_02_013"}, {"id": "Ramp_02_014"}, {"id": "Ramp_01_001"}, {"id": "Gate_T_001"}>.KATL

TRACK ULI-B0D76869F4 ALOR2 355700 1143400 389 390 89 ZLA ZLA08
    FP_ROUTE KLAS./.BLD083018..MEM.CHPPR1.I08L.RW08L.<{"id": "Rwy_01_012"}, {"id": "Txy_B15_001"}, {"id": "Txy_B_015"}, {"id": "Txy_B_013"}, {"id": "Txy_B_012"}, {"id": "Txy_B_011"}, {"id": "Txy_B_010"}, {"id": "Txy_B_009"}, {"id": "Txy_D_B"}, {"id": "Txy_B_C"}, {"id": "Txy_B_008"}, {"id": "Txy_B_007"}, {"id": "Txy_B4_001"}, {"id": "Rwy_02_004"}, {"id": "Txy_E3_001"}, {"id": "Txy_E_104"}, {"id": "Txy_E_004"}, {"id": "Txy_E_003"}, {"id": "Txy_F_003"}, {"id": "Txy_F_002"}, {"id": "Txy_F_001"}, {"id": "Txy_1N_001"}, {"id": "Ramp_02_001"}, {"id": "Ramp_02_002"}, {"id": "Ramp_02_003"}, {"id": "Ramp_02_004"}, {"id": "Ramp_02_005"}, {"id": "Ramp_02_006"}, {"id": "Ramp_02_007"}, {"id": "Ramp_02_008"}, {"id": "Ramp_02_009"}, {"id": "Ramp_02_010"}, {"id": "Ramp_02_011"}, {"id": "Ramp_02_012"}, {"id": "Ramp_02_013"}, {"id": "Ramp_02_014"}, {"id": "Ramp_01_001"}, {"id": "Gate_T_001"}>.KATL

TRACK ULI-71B18BDDFD A306 402300 754800 411 206 312 ZNY ZNY39
    FP_ROUTE KPHL./.BWZ251051..BAE.KASPR6.I12L.RW12L.<{"id": "Rwy_03_014"}, {"id": "Rwy_03_015"}, {"id": "Txy_P1_001"}, {"id": "Txy_P1_P"}, {"id": "Ramp_Deice_016"}, {"id": "Parking_Deice_022"}, {"id": "Ramp_Deice_020"}, {"id": "Ramp_Deice_021"}, {"id": "Ramp_Deice_022"}, {"id": "Gate_A_011"}>.KMSP

TRACK ULI-518B264154 ALOR2 355300 1154700 394 158 265 ZLA ZLA16
    FP_ROUTE KLAS./.BLD247047..SHEAD.EMZOH3.I12.RW12.<{"id": "Rwy_01_001"}, {"id": "Txy_W_001"}, {"id": "Txy_W_002"}, {"id": "Txy_W_003"}, {"id": "Txy_U_W"}, {"id": "Txy_U_002"}, {"id": "Txy_U_T"}, {"id": "Txy_T_001"}, {"id": "Txy_T_002"}, {"id": "Txy_T_003"}, {"id": "Txy_T_004"}, {"id": "Txy_T_005"}, {"id": "Ramp_01_006"}, {"id": "Ramp_01_005"}, {"id": "Ramp_01_004"}, {"id": "Ramp_01_003"}, {"id": "Ramp_01_002"}, {"id": "Ramp_01_001"}, {"id": "Txy_S_001"}, {"id": "Ramp_03_002"}, {"id": "Txy_B_002"}, {"id": "Txy_B_003"}, {"id": "Txy_B_004"}, {"id": "Txy_B_006"}, {"id": "Txy_B_007"}, {"id": "Rwy_02_001"}, {"id": "Txy_B_008"}, {"id": "Txy_A_B"}, {"id": "Txy_B_009"}, {"id": "Rwy_03_001"}, {"id": "Txy_B_010"}, {"id": "Txy_A_007"}, {"id": "Txy_C_007"}, {"id": "Txy_C_006"}, {"id": "Ramp_08_003"}, {"id": "Parking_08_003"}>.KOAK

TRACK ULI-3B181E0060 ALOR3 403814.7 740743.5 277 280 169 ZNY ZNYJF
    FP_ROUTE KEWR./.JFK266019..SBY.HILEY7.I08R.RW08R.<{"id": "Rwy_02_013"}, {"id": "Txy_M11_001"}, {"id": "Txy_M_001"}, {"id": "Txy_N_001"}, {"id": "Ramp_01_007"}, {"id": "Ramp_01_006"}, {"id": "Ramp_01_005"}, {"id": "Ramp_01_004"}, {"id": "Ramp_01_003"}, {"id": "Ramp_01_002"}, {"id": "Ramp_01_001"}, {"id": "Gate_D_019"}>.KMIA

TRACK ULI-848EE97E0D B744 350500 1202000 492 340 317 ZLA ZLA25
    FP_ROUTE KLAX./.LAX.MOD8.I28L.RW28L.<{"id": "Rwy_04_016"}, {"id": "Txy_S2_001"}, {"id": "Txy_S_001"}, {"id": "Txy_S_R"}, {"id": "Txy_Z_R"}, {"id": "Txy_Z_S1"}, {"id": "Txy_Z_B1"}, {"id": "Txy_Z_Q"}, {"id": "Txy_B_003"}, {"id": "Txy_Q1_001"}, {"id": "Txy_A_014"}, {"id": "Txy_A_K"}, {"id": "Txy_A_013"}, {"id": "Txy_A_012"}, {"id": "Txy_A_011"}, {"id": "Txy_A_D"}, {"id": "Txy_A_010"}, {"id": "Txy_A_E"}, {"id": "Txy_A_009"}, {"id": "Txy_A_F1"}, {"id": "Txy_A_008"}, {"id": "Txy_A_G"}, {"id": "Txy_A_007"}, {"id": "Txy_A_006"}, {"id": "Txy_A_005"}, {"id": "Txy_A_H"}, {"id": "Txy_A_004"}, {"id": "Txy_H_006"}, {"id": "Txy_H_005"}, {"id": "Txy_H_004"}, {"id": "Txy_H_003"}, {"id": "Txy_H_002"}, {"id": "Txy_H_001"}, {"id": "Txy_M_H"}, {"id": "Ramp_01_007"}, {"id": "Ramp_01_006"}, {"id": "Ramp_01_005"}, {"id": "Ramp_01_004"}, {"id": "Ramp_01_003"}, {"id": "Ramp_01_002"}, {"id": "Ramp_01_001"}, {"id": "Gate_A_006"}>.KSFO

TRACK ULI-12DAE36B63 B752 381251.6 1210555.8 423 204 59 ZOA ZOA23
    FP_ROUTE KSFO./.SAC135032..LIN..MEM.CHPPR1.I08L.RW08L.<{"id": "Rwy_01_012"}, {"id": "Txy_B15_001"}, {"id": "Txy_B_015"}, {"id": "Txy_B_013"}, {"id": "Txy_B_012"}, {"id": "Txy_B_011"}, {"id": "Txy_B_010"}, {"id": "Txy_B_009"}, {"id": "Txy_D_B"}, {"id": "Txy_B_C"}, {"id": "Txy_B_008"}, {"id": "Txy_B_007"}, {"id": "Txy_B4_001"}, {"id": "Rwy_02_004"}, {"id": "Txy_E3_001"}, {"id": "Txy_E_104"}, {"id": "Txy_E_004"}, {"id": "Txy_E_003"}, {"id": "Txy_F_003"}, {"id": "Txy_F_002"}, {"id": "Txy_F_001"}, {"id": "Txy_1N_001"}, {"id": "Ramp_02_001"}, {"id": "Ramp_02_002"}, {"id": "Ramp_02_003"}, {"id": "Ramp_02_004"}, {"id": "Ramp_02_005"}, {"id": "Ramp_02_006"}, {"id": "Ramp_02_007"}, {"id": "Ramp_02_008"}, {"id": "Ramp_02_009"}, {"id": "Ramp_02_010"}, {"id": "Ramp_02_011"}, {"id": "Ramp_02_012"}, {"id": "Ramp_02_013"}, {"id": "Ramp_02_014"}, {"id": "Ramp_01_001"}, {"id": "Gate_T_001"}>.KATL

TRACK ULI-567CEB84C0 B739 360425.1508 1150733.5784 0 21.81 64 ZLA ZLA32
    FP_ROUTE KLAS./.RW26L.STAAV8.PWE..JOT..PLAIN..VWV.ROKNN1.I06R.RW06R.<{"id": "Rwy_02_008"}, {"id": "Txy_W_003"}, {"id": "Txy_W_L"}, {"id": "Txy_L_011"}, {"id": "Txy_L_010"}, {"id": "Txy_S_L"}, {"id": "Txy_L_009"}, {"id": "Txy_R_L"}, {"id": "Txy_L_008"}, {"id": "Txy_L_007"}, {"id": "Txy_L_006"}, {"id": "Txy_K_L"}, {"id": "Txy_L_005"}, {"id": "Txy_L_004"}, {"id": "Txy_L_003"}, {"id": "Txy_N_L"}, {"id": "Txy_L_002"}, {"id": "Txy_L_001"}, {"id": "Parking_Holding_702"}, {"id": "Parking_Holding_701"}>.KCLE

TRACK ULI-AA2B641751 A321 371100 1025200 481 330 71 ZAB ZAB71
    FP_ROUTE KLAX./.CIM286016..ROD.SLATT4.I27L.RW27L.<{"id": "Rwy_01_001"}, {"id": "Txy_S_001"}, {"id": "Txy_S_102"}, {"id": "Txy_S_002"}, {"id": "Txy_S_003"}, {"id": "Txy_Z_009"}, {"id": "Txy_Z_010"}, {"id": "Txy_Z_011"}, {"id": "Txy_Z_012"}, {"id": "Txy_Z_013"}, {"id": "Txy_Z_014"}, {"id": "Parking_deice1_002"}, {"id": "Txy_Z_003"}, {"id": "Txy_Z_016"}, {"id": "Txy_Z_017"}, {"id": "Txy_K_001"}, {"id": "Txy_K_002"}, {"id": "Txy_K_003"}, {"id": "Txy_K_004"}, {"id": "spot_02S"}, {"id": "Ramp_13_001"}, {"id": "spot_02E"}, {"id": "Txy_J_004"}, {"id": "Ramp_01_001"}, {"id": "Ramp_01_002"}, {"id": "Ramp_01_003"}, {"id": "Ramp_01_004"}, {"id": "Ramp_01_005"}, {"id": "Gate_AW_018"}>.KPHL

TRACK ULI-EF65E08313 B762 335654.7 1124610.3 447 370 82 ZAB ZAB98
    FP_ROUTE KONT./.ZCARR..MEM.CHPPR1.I08L.RW08L.<{"id": "Rwy_01_012"}, {"id": "Txy_B15_001"}, {"id": "Txy_B_015"}, {"id": "Txy_B_013"}, {"id": "Txy_B_012"}, {"id": "Txy_B_011"}, {"id": "Txy_B_010"}, {"id": "Txy_B_009"}, {"id": "Txy_D_B"}, {"id": "Txy_B_C"}, {"id": "Txy_B_008"}, {"id": "Txy_B_007"}, {"id": "Txy_B4_001"}, {"id": "Rwy_02_004"}, {"id": "Txy_E3_001"}, {"id": "Txy_E_104"}, {"id": "Txy_E_004"}, {"id": "Txy_E_003"}, {"id": "Txy_F_003"}, {"id": "Txy_F_002"}, {"id": "Txy_F_001"}, {"id": "Txy_1N_001"}, {"id": "Ramp_02_001"}, {"id": "Ramp_02_002"}, {"id": "Ramp_02_003"}, {"id": "Ramp_02_004"}, {"id": "Ramp_02_005"}, {"id": "Ramp_02_006"}, {"id": "Ramp_02_007"}, {"id": "Ramp_02_008"}, {"id": "Ramp_02_009"}, {"id": "Ramp_02_010"}, {"id": "Ramp_02_011"}, {"id": "Ramp_02_012"}, {"id": "Ramp_02_013"}, {"id": "Ramp_02_014"}, {"id": "Ramp_01_001"}, {"id": "Gate_T_001"}>.KATL

TRACK ULI-0B8398D025 B738 400242.7 965611.3 474 330 75 ZMP ZMP38
    FP_ROUTE KSAN./.PWE..JOT.RUUTH1.I04L.RW04L.<{"id": "Rwy_02_005"}, {"id": "Txy_M_004"}, {"id": "Txy_M_003"}, {"id": "Txy_R_M"}, {"id": "Txy_S_M"}, {"id": "Txy_S_K"}, {"id": "Txy_S_J"}, {"id": "Txy_S_B"}, {"id": "Txy_A_010"}, {"id": "Txy_A_110"}, {"id": "Txy_A_011"}, {"id": "Txy_A_G"}, {"id": "Txy_A_114"}, {"id": "Txy_A_015"}, {"id": "Txy_A_E"}, {"id": "Txy_DK_001"}, {"id": "Ramp_02_007"}, {"id": "Ramp_02_006"}, {"id": "Ramp_02_005"}, {"id": "Ramp_01_018"}, {"id": "Parking_08_002"}>.KEWR

TRACK ULI-F5F6595092 A310 341754.8 1106144.1 496 330 89 ZFW ZFW42
    FP_ROUTE KSNA./.PAYSO089024..HOBRK.HOBRK3.I36R.RW36R.<{"id": "Rwy_03_001"}, {"id": "Txy_D_003"}, {"id": "Txy_S_D"}, {"id": "Txy_S_012"}, {"id": "Txy_S_011"}, {"id": "Txy_S_S7"}, {"id": "Txy_S_010"}, {"id": "Txy_S_009"}, {"id": "Txy_B_S"}, {"id": "Txy_S_008"}, {"id": "Txy_S_007"}, {"id": "Txy_A_S"}, {"id": "Txy_S_006"}, {"id": "Rwy_04_004"}, {"id": "Txy_S_005"}, {"id": "Txy_V_S"}, {"id": "Txy_S_004"}, {"id": "Txy_S_003"}, {"id": "Ramp_03_009"}, {"id": "Ramp_03_010"}, {"id": "Ramp_03_011"}, {"id": "Ramp_03_013"}, {"id": "Ramp_03_014"}, {"id": "Ramp_03_015"}, {"id": "Ramp_03_016"}, {"id": "Ramp_03_017"}, {"id": "Ramp_03_018"}, {"id": "Ramp_03_019"}, {"id": "Ramp_03_020"}, {"id": "Parking_Cargo_029"}>.KMEM

TRACK ULI-20B566EF16 ALOR1 473856.5 933654.6 519 350 131 ZMP ZMP25
    FP_ROUTE PANC./.DLH310084..OBK.ANNEY4.I08R.RW08R.<{"id": "Rwy_02_013"}, {"id": "Txy_M11_001"}, {"id": "Txy_M_001"}, {"id": "Txy_N_001"}, {"id": "Ramp_01_007"}, {"id": "Ramp_01_006"}, {"id": "Ramp_01_005"}, {"id": "Ramp_01_004"}, {"id": "Ramp_01_003"}, {"id": "Ramp_01_002"}, {"id": "Ramp_01_001"}, {"id": "Gate_D_019"}>.KMIA

TRACK ULI-MKWKL88SSC B738 472749.1832 1221839.2868 0 21.8 259 ZLA ZLA30
     FP_ROUTE KSEA./.RW16C.SUMMA1.SUMMA.J54.BKE..DEVLE.KYAAN3.I10RY.RW10R.<>.KBOI

TRACK ULI-16B47903C4 A320 390951.5124 763944.9208 0 1.43 259 ZDC SWANN
     FP_ROUTE KBWI./.RW33L.TERPZ6.GSO.J75.CAE.ESENT.LUNNI1.I14.RW14.<>.KJAX

TRACK ULI-ZDRCI4DCYQ B737 385033.2484 770212.6582 0 0.14 10 ZDC LOA
     FP_ROUTE KDCA./.RW01.HORTO3.BUFFR.J518.IHD..DJB.J34..RIEKE..J34.RWF..KU03W..HIA..JKNOX.HHOOD4.I10L.RW10L.<>.KPDX

TRACK ULI-FCSLQJK6RH B733 425514.4264 712537.7076 0 2.66 350 ZBW ZBWCMM03M3
     FP_ROUTE KMHT./.RW35.PPORT3.NELIE.J75..GVE.J37..LYH.CHSLY4.I18L.RW18L.<>.KCLT

TRACK ULI-JH8ARX72RO A320 275936.2616 823228.8024 0 0.26 190 ZMA ZMAPIE05M2
     FP_ROUTE KTPA./.RW19R.CROWD8.MLB..HOBEE..M202..ETECK..WETRO..CEBEE..SWL..J121..SIE.CAMRN4.I04L.RW04L.<>.KJFK

TRACK ULI-AYSK6AGIVD B737 422114.7096 710037.152 0 0.19 40 ZBW ZBWCBF01M7
     FP_ROUTE KBOS./.RW04R.HYLND5.HYLND..HOCKE..GRB..FSD..ONL.KIPPR5.I16L.RW16L.<>.KDEN

TRACK ULI-QX9DSPRNA0 A320 295732.0148 952024.4536 0 0.96 330 ZHU ZHUIAH00M5
     FP_ROUTE KIAH./.RW33R.BNDTO5.GUSTI..AWDAD..SJI.J2.DEFUN..CABLO..BULZI..NICKI..Q81..ENDEW..JUULI..SSCOT5.I27.RW27.<>.KMIA

TRACK ULI-VUTWY1GDEG B757 472749.1832 1221839.2868 0 4.32 160 ZSE ZSESEA01M4
     FP_ROUTE KSEA./.RW16C.HAROB6.MLP..DIK.GEP1.I12R.RW12R.<>.KMSP

TRACK ULI-WNWRL41N6I B737 472617.0592 1221840.3308 0 4.32 160 ZSE ZSESEA01M4
     FP_ROUTE KSEA./.RW34C.BANGR9.ARRIE..FOCHE..PRYCE..BKA..LAIRE..JOH.WITTI4.I07R.RW07R.<>.PANC

TRACK ULI-GEPSVWR9HV B737 325244.4756 970134.176 0 6.07 350 ZFW ZFWDFA60M1
     FP_ROUTE KDFW./.RW35C.WSTEX2..CIKAN..EWM..BXK..CULTS..PHRED.SCBBY2.I08L.RW08L.<>.KONT

TRACK ULI-APJUODPMBJ B733 324352.968 1171050.3364 0 0.17 280 ZOA ZOA46
     FP_ROUTE KSAN./..ZZOOO2.MTBAL..AVRRY..EED.J236.TBC..OURAY.LDORA2.I07..<>.KDEN
