US1549 330

