TRACK_TIME 1121238067
TRACK ULI-3AFSD3DC24 B733 373716.9212 1222324.2088 0 0.13 28 ZOA ZOA46
    FP_ROUTE KSFO.<{"id": "Gate_F_086"}, {"id": "Ramp_06_011"}, {"id": "Txy_A_B1"}, {"id": "Txy_A_016"}, {"id": "Txy_A_015"}, {"id": "Txy_A_012"}, {"id": "Txy_A_011"}, {"id": "Txy_A_D"}, {"id": "Txy_A_010"}, {"id": "Txy_A_E"}, {"id": "Txy_A_009"}, {"id": "Txy_A_F1"}, {"id": "Txy_A_008"}, {"id": "Txy_A_G"}, {"id": "Txy_A_007"}, {"id": "Txy_A_006"}, {"id": "Txy_A_005"}, {"id": "Txy_A_H"}, {"id": "Txy_A_004"}, {"id": "Txy_A_M"}, {"id": "Txy_A_003"}, {"id": "Txy_A_002"}, {"id": "Txy_A_A1"}, {"id": "Txy_A_001"}, {"id": "Rwy_02_001"}, {"id": "Rwy_02_002"}>.RW01R.SSTIK3.LOSHN..BOILE..BLH.HYDRR1.I07R.RW07R.<{"id": "Rwy_03_009"}, {"id": "Txy_G7_001"}, {"id": "Txy_F_009"}, {"id": "Txy_F_010"}, {"id": "Txy_F_011"}, {"id": "Txy_F_012"}, {"id": "Txy_F_013"}, {"id": "Txy_F13_001"}, {"id": "Rwy_02_018"}, {"id": "Txy_E13_001"}, {"id": "Txy_E_022"}, {"id": "Txy_D13_001"}, {"id": "Ramp_10_005"}, {"id": "Ramp_10_006"} {"id": "Gate_04_C16"}>.KPHX

TRACK ULI-3E6A0495F1 ALOR3 414500 875700 292 109 228 ZAU ZAUOR
    FP_ROUTE KORD./.JOT053019..BNA.CHPPR1.I08L.RW08L.<{"id": "Rwy_01_012"}, {"id": "Txy_B15_001"}, {"id": "Txy_B_015"}, {"id": "Txy_B_013"}, {"id": "Txy_B_012"}, {"id": "Txy_B_011"}, {"id": "Txy_B_010"}, {"id": "Txy_B_009"}, {"id": "Txy_D_B"}, {"id": "Txy_B_C"}, {"id": "Txy_B_008"}, {"id": "Txy_B_007"}, {"id": "Txy_B4_001"}, {"id": "Rwy_02_004"}, {"id": "Txy_E3_001"}, {"id": "Txy_E_104"}, {"id": "Txy_E_004"}, {"id": "Txy_E_003"}, {"id": "Txy_F_003"}, {"id": "Txy_F_002"}, {"id": "Txy_F_001"}, {"id": "Txy_1N_001"}, {"id": "Ramp_02_001"}, {"id": "Ramp_02_002"}, {"id": "Ramp_02_003"}, {"id": "Ramp_02_004"}, {"id": "Ramp_02_005"}, {"id": "Ramp_02_006"}, {"id": "Ramp_02_007"}, {"id": "Ramp_02_008"}, {"id": "Ramp_02_009"}, {"id": "Ramp_02_010"}, {"id": "Ramp_02_011"}, {"id": "Ramp_02_012"}, {"id": "Ramp_02_013"}, {"id": "Ramp_02_014"}, {"id": "Ramp_01_001"}, {"id": "Gate_T_001"}>.KATL

TRACK ULI-FEA47106EB B763 395900 760100 454 330 236 ZNY ZNY09
    FP_ROUTE KLGA./.LGA.OZZZI1.I08L.RW08L.<{"id": "Rwy_01_012"}, {"id": "Txy_B15_001"}, {"id": "Txy_B_015"}, {"id": "Txy_B_013"}, {"id": "Txy_B_012"}, {"id": "Txy_B_011"}, {"id": "Txy_B_010"}, {"id": "Txy_B_009"}, {"id": "Txy_D_B"}, {"id": "Txy_B_C"}, {"id": "Txy_B_008"}, {"id": "Txy_B_007"}, {"id": "Txy_B4_001"}, {"id": "Rwy_02_004"}, {"id": "Txy_E3_001"}, {"id": "Txy_E_104"}, {"id": "Txy_E_004"}, {"id": "Txy_E_003"}, {"id": "Txy_F_003"}, {"id": "Txy_F_002"}, {"id": "Txy_F_001"}, {"id": "Txy_1N_001"}, {"id": "Ramp_02_001"}, {"id": "Ramp_02_002"}, {"id": "Ramp_02_003"}, {"id": "Ramp_02_004"}, {"id": "Ramp_02_005"}, {"id": "Ramp_02_006"}, {"id": "Ramp_02_007"}, {"id": "Ramp_02_008"}, {"id": "Ramp_02_009"}, {"id": "Ramp_02_010"}, {"id": "Ramp_02_011"}, {"id": "Ramp_02_012"}, {"id": "Ramp_02_013"}, {"id": "Ramp_02_014"}, {"id": "Ramp_01_001"}, {"id": "Gate_T_001"}>.KATL

TRACK ULI-3AFAB4BC27 ALOR1 295600 941200 394 229 85 ZHU NONE
    FP_ROUTE KIAH./.LCH251063..GCV.ONDRE1.I08L.RW08L.<{"id": "Rwy_01_012"}, {"id": "Txy_B15_001"}, {"id": "Txy_B_015"}, {"id": "Txy_B_013"}, {"id": "Txy_B_012"}, {"id": "Txy_B_011"}, {"id": "Txy_B_010"}, {"id": "Txy_B_009"}, {"id": "Txy_D_B"}, {"id": "Txy_B_C"}, {"id": "Txy_B_008"}, {"id": "Txy_B_007"}, {"id": "Txy_B4_001"}, {"id": "Rwy_02_004"}, {"id": "Txy_E3_001"}, {"id": "Txy_E_104"}, {"id": "Txy_E_004"}, {"id": "Txy_E_003"}, {"id": "Txy_F_003"}, {"id": "Txy_F_002"}, {"id": "Txy_F_001"}, {"id": "Txy_1N_001"}, {"id": "Ramp_02_001"}, {"id": "Ramp_02_002"}, {"id": "Ramp_02_003"}, {"id": "Ramp_02_004"}, {"id": "Ramp_02_005"}, {"id": "Ramp_02_006"}, {"id": "Ramp_02_007"}, {"id": "Ramp_02_008"}, {"id": "Ramp_02_009"}, {"id": "Ramp_02_010"}, {"id": "Ramp_02_011"}, {"id": "Ramp_02_012"}, {"id": "Ramp_02_013"}, {"id": "Ramp_02_014"}, {"id": "Ramp_01_001"}, {"id": "Gate_T_001"}>.KATL

TRACK ULI-707397319B MD80 350340.3704 895810.6464 0 3.41 96 ZME ZME31
    FP_ROUTE KMEM.<{"id": "Parking_Cargo_029"}, {"id": "Ramp_03_020"}, {"id": "Ramp_03_019"}, {"id": "Ramp_03_018"}, {"id": "Ramp_03_017"}, {"id": "Ramp_03_016"}, {"id": "Ramp_03_015"}, {"id": "Ramp_03_014"}, {"id": "Ramp_03_013"}, {"id": "Ramp_03_011"}, {"id": "Ramp_03_010"}, {"id": "Ramp_03_009"}, {"id": "Txy_S_003"}, {"id": "Txy_S_004"}, {"id": "Txy_V_S"}, {"id": "Txy_S_005"}, {"id": "Rwy_04_004"}, {"id": "Txy_S_006"}, {"id": "Txy_A_S"}, {"id": "Txy_S_007"}, {"id": "Txy_S_008"}, {"id": "Txy_B_S"}, {"id": "Txy_S_009"}, {"id": "Txy_S_010"}, {"id": "Txy_S_S7"}, {"id": "Txy_S_011"}, {"id": "Txy_S_012"}, {"id": "Txy_S_D"}, {"id": "Txy_S_013"}, {"id": "Txy_S_S6"}, {"id": "Txy_S_K"}, {"id": "Txy_S_S3"}, {"id": "Txy_S_014"}, {"id": "Txy_S_P"}, {"id": "Txy_S_015"}, {"id": "Txy_E_S"}, {"id": "Txy_S_S1"}, {"id": "Txy_H_S"}, {"id": "Txy_S_016"}, {"id": "Txy_R_S"}, {"id": "Txy_R_003"}, {"id": "Rwy_02_015"}>.RW36C.OLEMS4.MEM.CHPPR1.I08L.RW08L.<{"id": "Rwy_01_012"}, {"id": "Txy_B15_001"}, {"id": "Txy_B_015"}, {"id": "Txy_B_013"}, {"id": "Txy_B_012"}, {"id": "Txy_B_011"}, {"id": "Txy_B_010"}, {"id": "Txy_B_009"}, {"id": "Txy_D_B"}, {"id": "Txy_B_C"}, {"id": "Txy_B_008"}, {"id": "Txy_B_007"}, {"id": "Txy_B4_001"}, {"id": "Rwy_02_004"}, {"id": "Txy_E3_001"}, {"id": "Txy_E_104"}, {"id": "Txy_E_004"}, {"id": "Txy_E_003"}, {"id": "Txy_F_003"}, {"id": "Txy_F_002"}, {"id": "Txy_F_001"}, {"id": "Txy_1N_001"}, {"id": "Ramp_02_001"}, {"id": "Ramp_02_002"}, {"id": "Ramp_02_003"}, {"id": "Ramp_02_004"}, {"id": "Ramp_02_005"}, {"id": "Ramp_02_006"}, {"id": "Ramp_02_007"}, {"id": "Ramp_02_008"}, {"id": "Ramp_02_009"}, {"id": "Ramp_02_010"}, {"id": "Ramp_02_011"}, {"id": "Ramp_02_012"}, {"id": "Ramp_02_013"}, {"id": "Ramp_02_014"}, {"id": "Ramp_01_001"}, {"id": "Gate_T_001"}>.KATL

TRACK ULI-1F32553603 B752 381025 1211544 484 350 0 ZOA ZOA33
    FP_ROUTE KSFO./.SAC131031..LVZ.IGN1.I04R.RW04R.<{"id": "Rwy_04_009"}, {"id": "Txy_E_002"}, {"id": "Txy_Y_E"}, {"id": "Txy_FB_Y"}, {"id": "Txy_FB_004"}, {"id": "Rwy_03_12"}, {"id": "Txy_ZA_006"}, {"id": "Txy_ZA_005"}, {"id": "Txy_C_ZA"}, {"id": "Txy_E_C"}, {"id": "Rwy_02_012"}, {"id": "Txy_E_008"}, {"id": "Txy_B_E"}, {"id": "Txy_A_E"}, {"id": "Txy_A_DA"}, {"id": "Txy_DA_001"}, {"id": "Ramp_06_014"}, {"id": "Ramp_06_013"}, {"id": "Ramp_06_012"}, {"id": "Ramp_06_011"}, {"id": "Ramp_06_008"}, {"id": "Ramp_06_009"}, {"id": "Gate_06_15"}>.KJFK

TRACK ULI-3533A88AE5 MD82 350300 1202300 465 320 315 ZLA ZLA25
    FP_ROUTE KLAX./.LAX.MOD8.I28R.RW28R.<{"id": "Rwy_04_016"}, {"id": "Txy_S2_001"}, {"id": "Txy_S_001"}, {"id": "Txy_S_R"}, {"id": "Txy_Z_R"}, {"id": "Txy_Z_S1"}, {"id": "Txy_Z_B1"}, {"id": "Txy_Z_Q"}, {"id": "Txy_B_003"}, {"id": "Txy_Q1_001"}, {"id": "Txy_A_014"}, {"id": "Txy_A_K"}, {"id": "Txy_A_013"}, {"id": "Txy_A_012"}, {"id": "Txy_A_011"}, {"id": "Txy_A_D"}, {"id": "Txy_A_010"}, {"id": "Txy_A_E"}, {"id": "Txy_A_009"}, {"id": "Txy_A_F1"}, {"id": "Txy_A_008"}, {"id": "Txy_A_G"}, {"id": "Txy_A_007"}, {"id": "Txy_A_006"}, {"id": "Txy_A_005"}, {"id": "Txy_A_H"}, {"id": "Txy_A_004"}, {"id": "Txy_H_006"}, {"id": "Txy_H_005"}, {"id": "Txy_H_004"}, {"id": "Txy_H_003"}, {"id": "Txy_H_002"}, {"id": "Txy_H_001"}, {"id": "Txy_M_H"}, {"id": "Ramp_01_007"}, {"id": "Ramp_01_006"}, {"id": "Ramp_01_005"}, {"id": "Ramp_01_004"}, {"id": "Ramp_01_003"}, {"id": "Ramp_01_002"}, {"id": "Ramp_01_001"}, {"id": "Gate_A_006"}>.KSFO

TRACK ULI-BC2EE76E60 E45X 295916.5804 952103.3372 377 0 334 ZHU ZHU86
    FP_ROUTE KIAH.<{"id": "Gate_A_002"}, {"id": "Ramp_01_010"}, {"id": "Ramp_01_006"}, {"id": "Ramp_01_002"}, {"id": "Ramp_01_001"}, {"id": "Txy_WD_NR"}, {"id": "Txy_WW_NR"}, {"id": "Txy_WW_NE"}, {"id": "Txy_WB_WW"}, {"id": "Txy_WA_WW"}, {"id": "Txy_WW_004"}, {"id": "Rwy_03_001"}>.RW15L.PITZZ4.CQY..BYP..TUL.KASPR6.I12L.RW12L.<{"id": "Rwy_03_014"}, {"id": "Rwy_03_015"}, {"id": "Txy_P1_001"}, {"id": "Txy_P1_P"}, {"id": "Ramp_Deice_016"}, {"id": "Parking_Deice_022"}, {"id": "Ramp_Deice_020"}, {"id": "Ramp_Deice_021"}, {"id": "Ramp_Deice_022"}, {"id": "Gate_A_011"}>.KMSP

TRACK ULI-BB6249E781 A319 384900 800900 456 380 266 ZDC ZDC03
    FP_ROUTE KIAD./.IAD.BSR3.I28R.RW28R.<{"id": "Rwy_04_016"}, {"id": "Txy_S2_001"}, {"id": "Txy_S_001"}, {"id": "Txy_S_R"}, {"id": "Txy_Z_R"}, {"id": "Txy_Z_S1"}, {"id": "Txy_Z_B1"}, {"id": "Txy_Z_Q"}, {"id": "Txy_B_003"}, {"id": "Txy_Q1_001"}, {"id": "Txy_A_014"}, {"id": "Txy_A_K"}, {"id": "Txy_A_013"}, {"id": "Txy_A_012"}, {"id": "Txy_A_011"}, {"id": "Txy_A_D"}, {"id": "Txy_A_010"}, {"id": "Txy_A_E"}, {"id": "Txy_A_009"}, {"id": "Txy_A_F1"}, {"id": "Txy_A_008"}, {"id": "Txy_A_G"}, {"id": "Txy_A_007"}, {"id": "Txy_A_006"}, {"id": "Txy_A_005"}, {"id": "Txy_A_H"}, {"id": "Txy_A_004"}, {"id": "Txy_H_006"}, {"id": "Txy_H_005"}, {"id": "Txy_H_004"}, {"id": "Txy_H_003"}, {"id": "Txy_H_002"}, {"id": "Txy_H_001"}, {"id": "Txy_M_H"}, {"id": "Ramp_01_007"}, {"id": "Ramp_01_006"}, {"id": "Ramp_01_005"}, {"id": "Ramp_01_004"}, {"id": "Ramp_01_003"}, {"id": "Ramp_01_002"}, {"id": "Ramp_01_001"}, {"id": "Gate_A_006"}>.KSFO

TRACK ULI-8B03E1A861 B733 381300 1103400 424 330 38 ZLC ZLC46
    FP_ROUTE KLAS./.BLD050037..RWF.SKETR5.I12L.RW12L.<{"id": "Rwy_03_014"}, {"id": "Rwy_03_015"}, {"id": "Txy_P1_001"}, {"id": "Txy_P1_P"}, {"id": "Ramp_Deice_016"}, {"id": "Parking_Deice_022"}, {"id": "Ramp_Deice_020"}, {"id": "Ramp_Deice_021"}, {"id": "Ramp_Deice_022"}, {"id": "Gate_A_011"}>.KMSP

