TRACK_TIME 1121239000

# Initial location is placed at Gate_01_A08 at KLAS
TRACK SWA732 B737 360505.7048 1150907.884 0 21.81 0 ZLA ZLA33
    FP_ROUTE KLAS./..BOACH8.WHIGG..OTOOL.ANJLL4.I24R..<>.KLAX

