TRACK_TIME 1557582328
TRACK AAL343 B733 376186.2 1223817.3 0 0.13 17 ZOA ZOA46
    FP_ROUTE KSFO.<>.RW01R.SSTIK3.LOSHN..BOILE..BLH.HYDRR1.I07R.RW07R.<>.KPHX
