TRACK_TIME 1121238067
TRACK SWA1897 MD82 350300 1202300 465 320 315 ZLA ZLA25
    FP_ROUTE KLAX./.LAX.MOD8.I28R.RW28R.<{"id": "Rwy_04_016"}, {"id": "Txy_S2_001"}, {"id": "Txy_S_001"}, {"id": "Txy_S_R"}, {"id": "Txy_Z_R"}, {"id": "Txy_Z_S1"}, {"id": "Txy_Z_B1"}, {"id": "Txy_Z_Q"}, {"id": "Txy_B_003"}, {"id": "Txy_Q1_001"}, {"id": "Txy_A_014"}, {"id": "Txy_A_K"}, {"id": "Txy_A_013"}, {"id": "Txy_A_012"}, {"id": "Txy_A_011"}, {"id": "Txy_A_D"}, {"id": "Txy_A_010"}, {"id": "Txy_A_E"}, {"id": "Txy_A_009"}, {"id": "Txy_A_F1"}, {"id": "Txy_A_008"}, {"id": "Txy_A_G"}, {"id": "Txy_A_007"}, {"id": "Txy_A_006"}, {"id": "Txy_A_005"}, {"id": "Txy_A_H"}, {"id": "Txy_A_004"}, {"id": "Txy_H_006"}, {"id": "Txy_H_005"}, {"id": "Txy_H_004"}, {"id": "Txy_H_003"}, {"id": "Txy_H_002"}, {"id": "Txy_H_001"}, {"id": "Txy_M_H"}, {"id": "Ramp_01_007"}, {"id": "Ramp_01_006"}, {"id": "Ramp_01_005"}, {"id": "Ramp_01_004"}, {"id": "Ramp_01_003"}, {"id": "Ramp_01_002"}, {"id": "Ramp_01_001"}, {"id": "Gate_A_006"}>.KSFO

TRACK_TIME 1121238667
TRACK SWA1898 B733 335648.21 1182436.1872 0 1.28 251 ZLA ZLA00
    FP_ROUTE KLAX.<{"id": "Gate_I_123"}, {"id": "Txy_D_008"}, {"id": "Txy_D_Q"}, {"id": "Txy_D_S"}, {"id": "Txy_S_002"}, {"id": "Ramp_I_001"}, {"id": "Ramp_I_002"}, {"id": "Ramp_I_003"}, {"id": "Ramp_I_004"}, {"id": "Ramp_I_005"}, {"id": "Ramp_I_006"}, {"id": "Ramp_I_007"}, {"id": "Txy_C_S"}, {"id": "Txy_C_Q"}, {"id": "Txy_C_P"}, {"id": "Txy_C_C10"}, {"id": "Txy_B_M"}, {"id": "Txy_B_C9"}, {"id": "Txy_B_K"}, {"id": "Txy_B_C7"}, {"id": "Txy_B_J"}, {"id": "Txy_B_H"}, {"id": "Txy_B_C5"}, {"id": "Txy_B_G"}, {"id": "Txy_B_C4"}, {"id": "Txy_B_C3"}, {"id": "Txy_B_BF"}, {"id": "Txy_B_003"}, {"id": "Txy_B_F"}, {"id": "Txy_F_004"}, {"id": "Rwy_02_002"}, {"id": "Txy_F_003"}, {"id": "Txy_F_002"}, {"id": "Rwy_01_001"}>.RW25L.DOTSS2.CLEEE..PKE..PAYSO..KA30S..FRIHO..KA36W..KA39Y..KK42A..ROKNE.J19.BUM..VHP..ROD..DORET.J584.SLT..FQM3.I04L.RW04L.<{"id": "Rwy_02_005"}, {"id": "Txy_Y_008"}, {"id": "Txy_R_Y"}, {"id": "Txy_Y_Q"}, {"id": "Txy_S_Y"}, {"id": "Txy_Y_004"}, {"id": "Txy_Y_U"}, {"id": "Txy_B_RK"}, {"id": "Txy_RK_002"}, {"id": "Ramp_03_016"}, {"id": "Ramp_03_139"}, {"id": "Ramp_03_017"}, {"id": "Ramp_03_141"}, {"id": "Ramp_03_018"}, {"id": "Ramp_03_019"}, {"id": "Ramp_03_144"}, {"id": "Ramp_03_020"}, {"id": "Gate_C_120"}>.KEWR